[2023-09-15T07:42:46.728+0000] {processor.py:157} INFO - Started process (PID=31) to work on /opt/airflow/dags/etl_dag.py
[2023-09-15T07:42:46.729+0000] {processor.py:829} INFO - Processing file /opt/airflow/dags/etl_dag.py for tasks to queue
[2023-09-15T07:42:46.730+0000] {logging_mixin.py:151} INFO - [2023-09-15T07:42:46.730+0000] {dagbag.py:539} INFO - Filling up the DagBag from /opt/airflow/dags/etl_dag.py
[2023-09-15T07:42:46.739+0000] {logging_mixin.py:151} INFO - [2023-09-15T07:42:46.738+0000] {dagbag.py:347} ERROR - Failed to import: /opt/airflow/dags/etl_dag.py
Traceback (most recent call last):
  File "/home/airflow/.local/lib/python3.8/site-packages/airflow/models/dagbag.py", line 343, in parse
    loader.exec_module(new_module)
  File "<frozen importlib._bootstrap_external>", line 843, in exec_module
  File "<frozen importlib._bootstrap>", line 219, in _call_with_frames_removed
  File "/opt/airflow/dags/etl_dag.py", line 1, in <module>
    from csv_to_postgres import update_pg, run_aggregate_queries
ModuleNotFoundError: No module named 'csv_to_postgres'
[2023-09-15T07:42:46.739+0000] {processor.py:841} WARNING - No viable dags retrieved from /opt/airflow/dags/etl_dag.py
[2023-09-15T07:42:46.854+0000] {processor.py:179} INFO - Processing /opt/airflow/dags/etl_dag.py took 0.128 seconds
[2023-09-15T07:43:17.009+0000] {processor.py:157} INFO - Started process (PID=39) to work on /opt/airflow/dags/etl_dag.py
[2023-09-15T07:43:17.009+0000] {processor.py:829} INFO - Processing file /opt/airflow/dags/etl_dag.py for tasks to queue
[2023-09-15T07:43:17.012+0000] {logging_mixin.py:151} INFO - [2023-09-15T07:43:17.011+0000] {dagbag.py:539} INFO - Filling up the DagBag from /opt/airflow/dags/etl_dag.py
[2023-09-15T07:43:17.022+0000] {logging_mixin.py:151} INFO - [2023-09-15T07:43:17.020+0000] {dagbag.py:347} ERROR - Failed to import: /opt/airflow/dags/etl_dag.py
Traceback (most recent call last):
  File "/home/airflow/.local/lib/python3.8/site-packages/airflow/models/dagbag.py", line 343, in parse
    loader.exec_module(new_module)
  File "<frozen importlib._bootstrap_external>", line 843, in exec_module
  File "<frozen importlib._bootstrap>", line 219, in _call_with_frames_removed
  File "/opt/airflow/dags/etl_dag.py", line 1, in <module>
    from csv_to_postgres import update_pg, run_aggregate_queries
ModuleNotFoundError: No module named 'csv_to_postgres'
[2023-09-15T07:43:17.023+0000] {processor.py:841} WARNING - No viable dags retrieved from /opt/airflow/dags/etl_dag.py
[2023-09-15T07:43:17.037+0000] {processor.py:179} INFO - Processing /opt/airflow/dags/etl_dag.py took 0.032 seconds
[2023-09-15T07:43:47.264+0000] {processor.py:157} INFO - Started process (PID=47) to work on /opt/airflow/dags/etl_dag.py
[2023-09-15T07:43:47.264+0000] {processor.py:829} INFO - Processing file /opt/airflow/dags/etl_dag.py for tasks to queue
[2023-09-15T07:43:47.267+0000] {logging_mixin.py:151} INFO - [2023-09-15T07:43:47.266+0000] {dagbag.py:539} INFO - Filling up the DagBag from /opt/airflow/dags/etl_dag.py
[2023-09-15T07:43:47.277+0000] {logging_mixin.py:151} INFO - [2023-09-15T07:43:47.275+0000] {dagbag.py:347} ERROR - Failed to import: /opt/airflow/dags/etl_dag.py
Traceback (most recent call last):
  File "/home/airflow/.local/lib/python3.8/site-packages/airflow/models/dagbag.py", line 343, in parse
    loader.exec_module(new_module)
  File "<frozen importlib._bootstrap_external>", line 843, in exec_module
  File "<frozen importlib._bootstrap>", line 219, in _call_with_frames_removed
  File "/opt/airflow/dags/etl_dag.py", line 1, in <module>
    from csv_to_postgres import update_pg, run_aggregate_queries
ModuleNotFoundError: No module named 'csv_to_postgres'
[2023-09-15T07:43:47.277+0000] {processor.py:841} WARNING - No viable dags retrieved from /opt/airflow/dags/etl_dag.py
[2023-09-15T07:43:47.292+0000] {processor.py:179} INFO - Processing /opt/airflow/dags/etl_dag.py took 0.032 seconds
[2023-09-15T07:44:17.509+0000] {processor.py:157} INFO - Started process (PID=55) to work on /opt/airflow/dags/etl_dag.py
[2023-09-15T07:44:17.510+0000] {processor.py:829} INFO - Processing file /opt/airflow/dags/etl_dag.py for tasks to queue
[2023-09-15T07:44:17.512+0000] {logging_mixin.py:151} INFO - [2023-09-15T07:44:17.512+0000] {dagbag.py:539} INFO - Filling up the DagBag from /opt/airflow/dags/etl_dag.py
[2023-09-15T07:44:17.522+0000] {logging_mixin.py:151} INFO - [2023-09-15T07:44:17.519+0000] {dagbag.py:347} ERROR - Failed to import: /opt/airflow/dags/etl_dag.py
Traceback (most recent call last):
  File "/home/airflow/.local/lib/python3.8/site-packages/airflow/models/dagbag.py", line 343, in parse
    loader.exec_module(new_module)
  File "<frozen importlib._bootstrap_external>", line 843, in exec_module
  File "<frozen importlib._bootstrap>", line 219, in _call_with_frames_removed
  File "/opt/airflow/dags/etl_dag.py", line 1, in <module>
    from csv_to_postgres import update_pg, run_aggregate_queries
ModuleNotFoundError: No module named 'csv_to_postgres'
[2023-09-15T07:44:17.522+0000] {processor.py:841} WARNING - No viable dags retrieved from /opt/airflow/dags/etl_dag.py
[2023-09-15T07:44:17.537+0000] {processor.py:179} INFO - Processing /opt/airflow/dags/etl_dag.py took 0.031 seconds
[2023-09-15T07:44:47.752+0000] {processor.py:157} INFO - Started process (PID=63) to work on /opt/airflow/dags/etl_dag.py
[2023-09-15T07:44:47.753+0000] {processor.py:829} INFO - Processing file /opt/airflow/dags/etl_dag.py for tasks to queue
[2023-09-15T07:44:47.755+0000] {logging_mixin.py:151} INFO - [2023-09-15T07:44:47.755+0000] {dagbag.py:539} INFO - Filling up the DagBag from /opt/airflow/dags/etl_dag.py
[2023-09-15T07:44:47.765+0000] {logging_mixin.py:151} INFO - [2023-09-15T07:44:47.764+0000] {dagbag.py:347} ERROR - Failed to import: /opt/airflow/dags/etl_dag.py
Traceback (most recent call last):
  File "/home/airflow/.local/lib/python3.8/site-packages/airflow/models/dagbag.py", line 343, in parse
    loader.exec_module(new_module)
  File "<frozen importlib._bootstrap_external>", line 843, in exec_module
  File "<frozen importlib._bootstrap>", line 219, in _call_with_frames_removed
  File "/opt/airflow/dags/etl_dag.py", line 1, in <module>
    from csv_to_postgres import update_pg, run_aggregate_queries
ModuleNotFoundError: No module named 'csv_to_postgres'
[2023-09-15T07:44:47.766+0000] {processor.py:841} WARNING - No viable dags retrieved from /opt/airflow/dags/etl_dag.py
[2023-09-15T07:44:47.779+0000] {processor.py:179} INFO - Processing /opt/airflow/dags/etl_dag.py took 0.030 seconds
[2023-09-15T07:45:18.053+0000] {processor.py:157} INFO - Started process (PID=71) to work on /opt/airflow/dags/etl_dag.py
[2023-09-15T07:45:18.053+0000] {processor.py:829} INFO - Processing file /opt/airflow/dags/etl_dag.py for tasks to queue
[2023-09-15T07:45:18.056+0000] {logging_mixin.py:151} INFO - [2023-09-15T07:45:18.055+0000] {dagbag.py:539} INFO - Filling up the DagBag from /opt/airflow/dags/etl_dag.py
[2023-09-15T07:45:18.066+0000] {logging_mixin.py:151} INFO - [2023-09-15T07:45:18.064+0000] {dagbag.py:347} ERROR - Failed to import: /opt/airflow/dags/etl_dag.py
Traceback (most recent call last):
  File "/home/airflow/.local/lib/python3.8/site-packages/airflow/models/dagbag.py", line 343, in parse
    loader.exec_module(new_module)
  File "<frozen importlib._bootstrap_external>", line 843, in exec_module
  File "<frozen importlib._bootstrap>", line 219, in _call_with_frames_removed
  File "/opt/airflow/dags/etl_dag.py", line 1, in <module>
    from csv_to_postgres import update_pg, run_aggregate_queries
ModuleNotFoundError: No module named 'csv_to_postgres'
[2023-09-15T07:45:18.067+0000] {processor.py:841} WARNING - No viable dags retrieved from /opt/airflow/dags/etl_dag.py
[2023-09-15T07:45:18.082+0000] {processor.py:179} INFO - Processing /opt/airflow/dags/etl_dag.py took 0.033 seconds
[2023-09-15T07:45:48.351+0000] {processor.py:157} INFO - Started process (PID=79) to work on /opt/airflow/dags/etl_dag.py
[2023-09-15T07:45:48.352+0000] {processor.py:829} INFO - Processing file /opt/airflow/dags/etl_dag.py for tasks to queue
[2023-09-15T07:45:48.354+0000] {logging_mixin.py:151} INFO - [2023-09-15T07:45:48.354+0000] {dagbag.py:539} INFO - Filling up the DagBag from /opt/airflow/dags/etl_dag.py
[2023-09-15T07:45:48.365+0000] {logging_mixin.py:151} INFO - [2023-09-15T07:45:48.363+0000] {dagbag.py:347} ERROR - Failed to import: /opt/airflow/dags/etl_dag.py
Traceback (most recent call last):
  File "/home/airflow/.local/lib/python3.8/site-packages/airflow/models/dagbag.py", line 343, in parse
    loader.exec_module(new_module)
  File "<frozen importlib._bootstrap_external>", line 843, in exec_module
  File "<frozen importlib._bootstrap>", line 219, in _call_with_frames_removed
  File "/opt/airflow/dags/etl_dag.py", line 1, in <module>
    from csv_to_postgres import update_pg, run_aggregate_queries
ModuleNotFoundError: No module named 'csv_to_postgres'
[2023-09-15T07:45:48.365+0000] {processor.py:841} WARNING - No viable dags retrieved from /opt/airflow/dags/etl_dag.py
[2023-09-15T07:45:48.381+0000] {processor.py:179} INFO - Processing /opt/airflow/dags/etl_dag.py took 0.032 seconds
[2023-09-15T07:46:18.637+0000] {processor.py:157} INFO - Started process (PID=87) to work on /opt/airflow/dags/etl_dag.py
[2023-09-15T07:46:18.637+0000] {processor.py:829} INFO - Processing file /opt/airflow/dags/etl_dag.py for tasks to queue
[2023-09-15T07:46:18.639+0000] {logging_mixin.py:151} INFO - [2023-09-15T07:46:18.639+0000] {dagbag.py:539} INFO - Filling up the DagBag from /opt/airflow/dags/etl_dag.py
[2023-09-15T07:46:18.647+0000] {logging_mixin.py:151} INFO - [2023-09-15T07:46:18.646+0000] {dagbag.py:347} ERROR - Failed to import: /opt/airflow/dags/etl_dag.py
Traceback (most recent call last):
  File "/home/airflow/.local/lib/python3.8/site-packages/airflow/models/dagbag.py", line 343, in parse
    loader.exec_module(new_module)
  File "<frozen importlib._bootstrap_external>", line 843, in exec_module
  File "<frozen importlib._bootstrap>", line 219, in _call_with_frames_removed
  File "/opt/airflow/dags/etl_dag.py", line 1, in <module>
    from csv_to_postgres import update_pg, run_aggregate_queries
ModuleNotFoundError: No module named 'csv_to_postgres'
[2023-09-15T07:46:18.648+0000] {processor.py:841} WARNING - No viable dags retrieved from /opt/airflow/dags/etl_dag.py
[2023-09-15T07:46:18.663+0000] {processor.py:179} INFO - Processing /opt/airflow/dags/etl_dag.py took 0.029 seconds
[2023-09-15T07:47:11.510+0000] {processor.py:157} INFO - Started process (PID=30) to work on /opt/airflow/dags/etl_dag.py
[2023-09-15T07:47:11.510+0000] {processor.py:829} INFO - Processing file /opt/airflow/dags/etl_dag.py for tasks to queue
[2023-09-15T07:47:11.511+0000] {logging_mixin.py:151} INFO - [2023-09-15T07:47:11.511+0000] {dagbag.py:539} INFO - Filling up the DagBag from /opt/airflow/dags/etl_dag.py
[2023-09-15T07:47:11.520+0000] {logging_mixin.py:151} INFO - [2023-09-15T07:47:11.519+0000] {dagbag.py:347} ERROR - Failed to import: /opt/airflow/dags/etl_dag.py
Traceback (most recent call last):
  File "/home/airflow/.local/lib/python3.8/site-packages/airflow/models/dagbag.py", line 343, in parse
    loader.exec_module(new_module)
  File "<frozen importlib._bootstrap_external>", line 843, in exec_module
  File "<frozen importlib._bootstrap>", line 219, in _call_with_frames_removed
  File "/opt/airflow/dags/etl_dag.py", line 1, in <module>
    from csv_to_postgres import update_pg, run_aggregate_queries
ModuleNotFoundError: No module named 'csv_to_postgres'
[2023-09-15T07:47:11.520+0000] {processor.py:841} WARNING - No viable dags retrieved from /opt/airflow/dags/etl_dag.py
[2023-09-15T07:47:11.683+0000] {processor.py:179} INFO - Processing /opt/airflow/dags/etl_dag.py took 0.174 seconds
[2023-09-15T07:47:41.873+0000] {processor.py:157} INFO - Started process (PID=38) to work on /opt/airflow/dags/etl_dag.py
[2023-09-15T07:47:41.873+0000] {processor.py:829} INFO - Processing file /opt/airflow/dags/etl_dag.py for tasks to queue
[2023-09-15T07:47:41.875+0000] {logging_mixin.py:151} INFO - [2023-09-15T07:47:41.875+0000] {dagbag.py:539} INFO - Filling up the DagBag from /opt/airflow/dags/etl_dag.py
[2023-09-15T07:47:41.885+0000] {logging_mixin.py:151} INFO - [2023-09-15T07:47:41.883+0000] {dagbag.py:347} ERROR - Failed to import: /opt/airflow/dags/etl_dag.py
Traceback (most recent call last):
  File "/home/airflow/.local/lib/python3.8/site-packages/airflow/models/dagbag.py", line 343, in parse
    loader.exec_module(new_module)
  File "<frozen importlib._bootstrap_external>", line 843, in exec_module
  File "<frozen importlib._bootstrap>", line 219, in _call_with_frames_removed
  File "/opt/airflow/dags/etl_dag.py", line 1, in <module>
    from csv_to_postgres import update_pg, run_aggregate_queries
ModuleNotFoundError: No module named 'csv_to_postgres'
[2023-09-15T07:47:41.886+0000] {processor.py:841} WARNING - No viable dags retrieved from /opt/airflow/dags/etl_dag.py
[2023-09-15T07:47:41.902+0000] {processor.py:179} INFO - Processing /opt/airflow/dags/etl_dag.py took 0.033 seconds
[2023-09-15T07:51:30.206+0000] {processor.py:157} INFO - Started process (PID=30) to work on /opt/airflow/dags/etl_dag.py
[2023-09-15T07:51:30.207+0000] {processor.py:829} INFO - Processing file /opt/airflow/dags/etl_dag.py for tasks to queue
[2023-09-15T07:51:30.208+0000] {logging_mixin.py:151} INFO - [2023-09-15T07:51:30.207+0000] {dagbag.py:539} INFO - Filling up the DagBag from /opt/airflow/dags/etl_dag.py
[2023-09-15T07:51:30.214+0000] {logging_mixin.py:151} INFO - [2023-09-15T07:51:30.212+0000] {dagbag.py:347} ERROR - Failed to import: /opt/airflow/dags/etl_dag.py
Traceback (most recent call last):
  File "/home/airflow/.local/lib/python3.8/site-packages/airflow/models/dagbag.py", line 343, in parse
    loader.exec_module(new_module)
  File "<frozen importlib._bootstrap_external>", line 843, in exec_module
  File "<frozen importlib._bootstrap>", line 219, in _call_with_frames_removed
  File "/opt/airflow/dags/etl_dag.py", line 1, in <module>
    from csv_to_postgres import update_pg, run_aggregate_queries
ModuleNotFoundError: No module named 'csv_to_postgres'
[2023-09-15T07:51:30.214+0000] {processor.py:841} WARNING - No viable dags retrieved from /opt/airflow/dags/etl_dag.py
[2023-09-15T07:51:30.351+0000] {processor.py:179} INFO - Processing /opt/airflow/dags/etl_dag.py took 0.147 seconds
[2023-09-15T07:52:00.627+0000] {processor.py:157} INFO - Started process (PID=39) to work on /opt/airflow/dags/etl_dag.py
[2023-09-15T07:52:00.628+0000] {processor.py:829} INFO - Processing file /opt/airflow/dags/etl_dag.py for tasks to queue
[2023-09-15T07:52:00.631+0000] {logging_mixin.py:151} INFO - [2023-09-15T07:52:00.630+0000] {dagbag.py:539} INFO - Filling up the DagBag from /opt/airflow/dags/etl_dag.py
[2023-09-15T07:52:00.643+0000] {logging_mixin.py:151} INFO - [2023-09-15T07:52:00.641+0000] {dagbag.py:347} ERROR - Failed to import: /opt/airflow/dags/etl_dag.py
Traceback (most recent call last):
  File "/home/airflow/.local/lib/python3.8/site-packages/airflow/models/dagbag.py", line 343, in parse
    loader.exec_module(new_module)
  File "<frozen importlib._bootstrap_external>", line 843, in exec_module
  File "<frozen importlib._bootstrap>", line 219, in _call_with_frames_removed
  File "/opt/airflow/dags/etl_dag.py", line 1, in <module>
    from csv_to_postgres import update_pg, run_aggregate_queries
ModuleNotFoundError: No module named 'csv_to_postgres'
[2023-09-15T07:52:00.644+0000] {processor.py:841} WARNING - No viable dags retrieved from /opt/airflow/dags/etl_dag.py
[2023-09-15T07:52:00.659+0000] {processor.py:179} INFO - Processing /opt/airflow/dags/etl_dag.py took 0.036 seconds
[2023-09-15T07:52:30.916+0000] {processor.py:157} INFO - Started process (PID=47) to work on /opt/airflow/dags/etl_dag.py
[2023-09-15T07:52:30.917+0000] {processor.py:829} INFO - Processing file /opt/airflow/dags/etl_dag.py for tasks to queue
[2023-09-15T07:52:30.919+0000] {logging_mixin.py:151} INFO - [2023-09-15T07:52:30.919+0000] {dagbag.py:539} INFO - Filling up the DagBag from /opt/airflow/dags/etl_dag.py
[2023-09-15T07:52:30.930+0000] {logging_mixin.py:151} INFO - [2023-09-15T07:52:30.928+0000] {dagbag.py:347} ERROR - Failed to import: /opt/airflow/dags/etl_dag.py
Traceback (most recent call last):
  File "/home/airflow/.local/lib/python3.8/site-packages/airflow/models/dagbag.py", line 343, in parse
    loader.exec_module(new_module)
  File "<frozen importlib._bootstrap_external>", line 843, in exec_module
  File "<frozen importlib._bootstrap>", line 219, in _call_with_frames_removed
  File "/opt/airflow/dags/etl_dag.py", line 1, in <module>
    from csv_to_postgres import update_pg, run_aggregate_queries
ModuleNotFoundError: No module named 'csv_to_postgres'
[2023-09-15T07:52:30.931+0000] {processor.py:841} WARNING - No viable dags retrieved from /opt/airflow/dags/etl_dag.py
[2023-09-15T07:52:30.947+0000] {processor.py:179} INFO - Processing /opt/airflow/dags/etl_dag.py took 0.034 seconds
[2023-09-15T07:53:12.454+0000] {processor.py:157} INFO - Started process (PID=30) to work on /opt/airflow/dags/etl_dag.py
[2023-09-15T07:53:12.459+0000] {processor.py:829} INFO - Processing file /opt/airflow/dags/etl_dag.py for tasks to queue
[2023-09-15T07:53:12.460+0000] {logging_mixin.py:151} INFO - [2023-09-15T07:53:12.459+0000] {dagbag.py:539} INFO - Filling up the DagBag from /opt/airflow/dags/etl_dag.py
[2023-09-15T07:53:12.474+0000] {logging_mixin.py:151} INFO - [2023-09-15T07:53:12.465+0000] {dagbag.py:347} ERROR - Failed to import: /opt/airflow/dags/etl_dag.py
Traceback (most recent call last):
  File "/home/airflow/.local/lib/python3.8/site-packages/airflow/models/dagbag.py", line 343, in parse
    loader.exec_module(new_module)
  File "<frozen importlib._bootstrap_external>", line 843, in exec_module
  File "<frozen importlib._bootstrap>", line 219, in _call_with_frames_removed
  File "/opt/airflow/dags/etl_dag.py", line 1, in <module>
    from csv_to_postgres import update_pg, run_aggregate_queries
ModuleNotFoundError: No module named 'csv_to_postgres'
[2023-09-15T07:53:12.474+0000] {processor.py:841} WARNING - No viable dags retrieved from /opt/airflow/dags/etl_dag.py
[2023-09-15T07:53:12.648+0000] {processor.py:179} INFO - Processing /opt/airflow/dags/etl_dag.py took 0.196 seconds
[2023-09-15T07:53:42.818+0000] {processor.py:157} INFO - Started process (PID=38) to work on /opt/airflow/dags/etl_dag.py
[2023-09-15T07:53:42.818+0000] {processor.py:829} INFO - Processing file /opt/airflow/dags/etl_dag.py for tasks to queue
[2023-09-15T07:53:42.820+0000] {logging_mixin.py:151} INFO - [2023-09-15T07:53:42.820+0000] {dagbag.py:539} INFO - Filling up the DagBag from /opt/airflow/dags/etl_dag.py
[2023-09-15T07:53:42.828+0000] {logging_mixin.py:151} INFO - [2023-09-15T07:53:42.827+0000] {dagbag.py:347} ERROR - Failed to import: /opt/airflow/dags/etl_dag.py
Traceback (most recent call last):
  File "/home/airflow/.local/lib/python3.8/site-packages/airflow/models/dagbag.py", line 343, in parse
    loader.exec_module(new_module)
  File "<frozen importlib._bootstrap_external>", line 843, in exec_module
  File "<frozen importlib._bootstrap>", line 219, in _call_with_frames_removed
  File "/opt/airflow/dags/etl_dag.py", line 1, in <module>
    from csv_to_postgres import update_pg, run_aggregate_queries
ModuleNotFoundError: No module named 'csv_to_postgres'
[2023-09-15T07:53:42.828+0000] {processor.py:841} WARNING - No viable dags retrieved from /opt/airflow/dags/etl_dag.py
[2023-09-15T07:53:42.842+0000] {processor.py:179} INFO - Processing /opt/airflow/dags/etl_dag.py took 0.028 seconds
[2023-09-15T07:54:13.088+0000] {processor.py:157} INFO - Started process (PID=46) to work on /opt/airflow/dags/etl_dag.py
[2023-09-15T07:54:13.089+0000] {processor.py:829} INFO - Processing file /opt/airflow/dags/etl_dag.py for tasks to queue
[2023-09-15T07:54:13.091+0000] {logging_mixin.py:151} INFO - [2023-09-15T07:54:13.091+0000] {dagbag.py:539} INFO - Filling up the DagBag from /opt/airflow/dags/etl_dag.py
[2023-09-15T07:54:13.103+0000] {logging_mixin.py:151} INFO - [2023-09-15T07:54:13.101+0000] {dagbag.py:347} ERROR - Failed to import: /opt/airflow/dags/etl_dag.py
Traceback (most recent call last):
  File "/home/airflow/.local/lib/python3.8/site-packages/airflow/models/dagbag.py", line 343, in parse
    loader.exec_module(new_module)
  File "<frozen importlib._bootstrap_external>", line 843, in exec_module
  File "<frozen importlib._bootstrap>", line 219, in _call_with_frames_removed
  File "/opt/airflow/dags/etl_dag.py", line 1, in <module>
    from csv_to_postgres import update_pg, run_aggregate_queries
ModuleNotFoundError: No module named 'csv_to_postgres'
[2023-09-15T07:54:13.104+0000] {processor.py:841} WARNING - No viable dags retrieved from /opt/airflow/dags/etl_dag.py
[2023-09-15T07:54:13.119+0000] {processor.py:179} INFO - Processing /opt/airflow/dags/etl_dag.py took 0.035 seconds
[2023-09-15T07:55:52.216+0000] {processor.py:157} INFO - Started process (PID=29) to work on /opt/airflow/dags/etl_dag.py
[2023-09-15T07:55:52.217+0000] {processor.py:829} INFO - Processing file /opt/airflow/dags/etl_dag.py for tasks to queue
[2023-09-15T07:55:52.223+0000] {logging_mixin.py:151} INFO - [2023-09-15T07:55:52.221+0000] {dagbag.py:539} INFO - Filling up the DagBag from /opt/airflow/dags/etl_dag.py
[2023-09-15T07:55:52.252+0000] {logging_mixin.py:151} INFO - [2023-09-15T07:55:52.249+0000] {dagbag.py:347} ERROR - Failed to import: /opt/airflow/dags/etl_dag.py
Traceback (most recent call last):
  File "/home/airflow/.local/lib/python3.8/site-packages/airflow/models/dagbag.py", line 343, in parse
    loader.exec_module(new_module)
  File "<frozen importlib._bootstrap_external>", line 843, in exec_module
  File "<frozen importlib._bootstrap>", line 219, in _call_with_frames_removed
  File "/opt/airflow/dags/etl_dag.py", line 1, in <module>
    from csv_to_postgres import update_pg, run_aggregate_queries
ModuleNotFoundError: No module named 'csv_to_postgres'
[2023-09-15T07:55:52.253+0000] {processor.py:841} WARNING - No viable dags retrieved from /opt/airflow/dags/etl_dag.py
[2023-09-15T07:55:52.358+0000] {processor.py:179} INFO - Processing /opt/airflow/dags/etl_dag.py took 0.143 seconds
[2023-09-15T07:56:22.534+0000] {processor.py:157} INFO - Started process (PID=38) to work on /opt/airflow/dags/etl_dag.py
[2023-09-15T07:56:22.534+0000] {processor.py:829} INFO - Processing file /opt/airflow/dags/etl_dag.py for tasks to queue
[2023-09-15T07:56:22.536+0000] {logging_mixin.py:151} INFO - [2023-09-15T07:56:22.536+0000] {dagbag.py:539} INFO - Filling up the DagBag from /opt/airflow/dags/etl_dag.py
[2023-09-15T07:56:22.548+0000] {logging_mixin.py:151} INFO - [2023-09-15T07:56:22.546+0000] {dagbag.py:347} ERROR - Failed to import: /opt/airflow/dags/etl_dag.py
Traceback (most recent call last):
  File "/home/airflow/.local/lib/python3.8/site-packages/airflow/models/dagbag.py", line 343, in parse
    loader.exec_module(new_module)
  File "<frozen importlib._bootstrap_external>", line 843, in exec_module
  File "<frozen importlib._bootstrap>", line 219, in _call_with_frames_removed
  File "/opt/airflow/dags/etl_dag.py", line 1, in <module>
    from csv_to_postgres import update_pg, run_aggregate_queries
ModuleNotFoundError: No module named 'csv_to_postgres'
[2023-09-15T07:56:22.548+0000] {processor.py:841} WARNING - No viable dags retrieved from /opt/airflow/dags/etl_dag.py
[2023-09-15T07:56:22.563+0000] {processor.py:179} INFO - Processing /opt/airflow/dags/etl_dag.py took 0.033 seconds
[2023-09-15T07:57:20.175+0000] {processor.py:157} INFO - Started process (PID=30) to work on /opt/airflow/dags/etl_dag.py
[2023-09-15T07:57:20.176+0000] {processor.py:829} INFO - Processing file /opt/airflow/dags/etl_dag.py for tasks to queue
[2023-09-15T07:57:20.179+0000] {logging_mixin.py:151} INFO - [2023-09-15T07:57:20.179+0000] {dagbag.py:539} INFO - Filling up the DagBag from /opt/airflow/dags/etl_dag.py
[2023-09-15T07:57:20.187+0000] {logging_mixin.py:151} INFO - [2023-09-15T07:57:20.185+0000] {dagbag.py:347} ERROR - Failed to import: /opt/airflow/dags/etl_dag.py
Traceback (most recent call last):
  File "/home/airflow/.local/lib/python3.8/site-packages/airflow/models/dagbag.py", line 343, in parse
    loader.exec_module(new_module)
  File "<frozen importlib._bootstrap_external>", line 843, in exec_module
  File "<frozen importlib._bootstrap>", line 219, in _call_with_frames_removed
  File "/opt/airflow/dags/etl_dag.py", line 1, in <module>
    from csv_to_postgres import update_pg, run_aggregate_queries
ModuleNotFoundError: No module named 'csv_to_postgres'
[2023-09-15T07:57:20.187+0000] {processor.py:841} WARNING - No viable dags retrieved from /opt/airflow/dags/etl_dag.py
[2023-09-15T07:57:20.317+0000] {processor.py:179} INFO - Processing /opt/airflow/dags/etl_dag.py took 0.144 seconds
[2023-09-15T07:57:50.497+0000] {processor.py:157} INFO - Started process (PID=38) to work on /opt/airflow/dags/etl_dag.py
[2023-09-15T07:57:50.498+0000] {processor.py:829} INFO - Processing file /opt/airflow/dags/etl_dag.py for tasks to queue
[2023-09-15T07:57:50.501+0000] {logging_mixin.py:151} INFO - [2023-09-15T07:57:50.500+0000] {dagbag.py:539} INFO - Filling up the DagBag from /opt/airflow/dags/etl_dag.py
[2023-09-15T07:57:50.512+0000] {logging_mixin.py:151} INFO - [2023-09-15T07:57:50.510+0000] {dagbag.py:347} ERROR - Failed to import: /opt/airflow/dags/etl_dag.py
Traceback (most recent call last):
  File "/home/airflow/.local/lib/python3.8/site-packages/airflow/models/dagbag.py", line 343, in parse
    loader.exec_module(new_module)
  File "<frozen importlib._bootstrap_external>", line 843, in exec_module
  File "<frozen importlib._bootstrap>", line 219, in _call_with_frames_removed
  File "/opt/airflow/dags/etl_dag.py", line 1, in <module>
    from csv_to_postgres import update_pg, run_aggregate_queries
ModuleNotFoundError: No module named 'csv_to_postgres'
[2023-09-15T07:57:50.513+0000] {processor.py:841} WARNING - No viable dags retrieved from /opt/airflow/dags/etl_dag.py
[2023-09-15T07:57:50.529+0000] {processor.py:179} INFO - Processing /opt/airflow/dags/etl_dag.py took 0.036 seconds
[2023-09-15T07:58:20.774+0000] {processor.py:157} INFO - Started process (PID=46) to work on /opt/airflow/dags/etl_dag.py
[2023-09-15T07:58:20.775+0000] {processor.py:829} INFO - Processing file /opt/airflow/dags/etl_dag.py for tasks to queue
[2023-09-15T07:58:20.778+0000] {logging_mixin.py:151} INFO - [2023-09-15T07:58:20.778+0000] {dagbag.py:539} INFO - Filling up the DagBag from /opt/airflow/dags/etl_dag.py
[2023-09-15T07:58:20.789+0000] {logging_mixin.py:151} INFO - [2023-09-15T07:58:20.787+0000] {dagbag.py:347} ERROR - Failed to import: /opt/airflow/dags/etl_dag.py
Traceback (most recent call last):
  File "/home/airflow/.local/lib/python3.8/site-packages/airflow/models/dagbag.py", line 343, in parse
    loader.exec_module(new_module)
  File "<frozen importlib._bootstrap_external>", line 843, in exec_module
  File "<frozen importlib._bootstrap>", line 219, in _call_with_frames_removed
  File "/opt/airflow/dags/etl_dag.py", line 1, in <module>
    from csv_to_postgres import update_pg, run_aggregate_queries
ModuleNotFoundError: No module named 'csv_to_postgres'
[2023-09-15T07:58:20.789+0000] {processor.py:841} WARNING - No viable dags retrieved from /opt/airflow/dags/etl_dag.py
[2023-09-15T07:58:20.804+0000] {processor.py:179} INFO - Processing /opt/airflow/dags/etl_dag.py took 0.034 seconds
[2023-09-15T07:58:51.018+0000] {processor.py:157} INFO - Started process (PID=54) to work on /opt/airflow/dags/etl_dag.py
[2023-09-15T07:58:51.019+0000] {processor.py:829} INFO - Processing file /opt/airflow/dags/etl_dag.py for tasks to queue
[2023-09-15T07:58:51.021+0000] {logging_mixin.py:151} INFO - [2023-09-15T07:58:51.021+0000] {dagbag.py:539} INFO - Filling up the DagBag from /opt/airflow/dags/etl_dag.py
[2023-09-15T07:58:51.034+0000] {logging_mixin.py:151} INFO - [2023-09-15T07:58:51.032+0000] {dagbag.py:347} ERROR - Failed to import: /opt/airflow/dags/etl_dag.py
Traceback (most recent call last):
  File "/home/airflow/.local/lib/python3.8/site-packages/airflow/models/dagbag.py", line 343, in parse
    loader.exec_module(new_module)
  File "<frozen importlib._bootstrap_external>", line 843, in exec_module
  File "<frozen importlib._bootstrap>", line 219, in _call_with_frames_removed
  File "/opt/airflow/dags/etl_dag.py", line 1, in <module>
    from csv_to_postgres import update_pg, run_aggregate_queries
ModuleNotFoundError: No module named 'csv_to_postgres'
[2023-09-15T07:58:51.035+0000] {processor.py:841} WARNING - No viable dags retrieved from /opt/airflow/dags/etl_dag.py
[2023-09-15T07:58:51.051+0000] {processor.py:179} INFO - Processing /opt/airflow/dags/etl_dag.py took 0.037 seconds
[2023-09-15T07:59:21.273+0000] {processor.py:157} INFO - Started process (PID=62) to work on /opt/airflow/dags/etl_dag.py
[2023-09-15T07:59:21.274+0000] {processor.py:829} INFO - Processing file /opt/airflow/dags/etl_dag.py for tasks to queue
[2023-09-15T07:59:21.278+0000] {logging_mixin.py:151} INFO - [2023-09-15T07:59:21.277+0000] {dagbag.py:539} INFO - Filling up the DagBag from /opt/airflow/dags/etl_dag.py
[2023-09-15T07:59:21.291+0000] {logging_mixin.py:151} INFO - [2023-09-15T07:59:21.288+0000] {dagbag.py:347} ERROR - Failed to import: /opt/airflow/dags/etl_dag.py
Traceback (most recent call last):
  File "/home/airflow/.local/lib/python3.8/site-packages/airflow/models/dagbag.py", line 343, in parse
    loader.exec_module(new_module)
  File "<frozen importlib._bootstrap_external>", line 843, in exec_module
  File "<frozen importlib._bootstrap>", line 219, in _call_with_frames_removed
  File "/opt/airflow/dags/etl_dag.py", line 1, in <module>
    from csv_to_postgres import update_pg, run_aggregate_queries
ModuleNotFoundError: No module named 'csv_to_postgres'
[2023-09-15T07:59:21.292+0000] {processor.py:841} WARNING - No viable dags retrieved from /opt/airflow/dags/etl_dag.py
[2023-09-15T07:59:21.305+0000] {processor.py:179} INFO - Processing /opt/airflow/dags/etl_dag.py took 0.035 seconds
[2023-09-15T08:00:09.208+0000] {processor.py:157} INFO - Started process (PID=30) to work on /opt/airflow/dags/etl_dag.py
[2023-09-15T08:00:09.208+0000] {processor.py:829} INFO - Processing file /opt/airflow/dags/etl_dag.py for tasks to queue
[2023-09-15T08:00:09.213+0000] {logging_mixin.py:151} INFO - [2023-09-15T08:00:09.213+0000] {dagbag.py:539} INFO - Filling up the DagBag from /opt/airflow/dags/etl_dag.py
[2023-09-15T08:00:09.900+0000] {processor.py:839} INFO - DAG(s) dict_keys(['etl_dag']) retrieved from /opt/airflow/dags/etl_dag.py
[2023-09-15T08:00:09.991+0000] {logging_mixin.py:151} INFO - [2023-09-15T08:00:09.991+0000] {manager.py:499} INFO - Created Permission View: %s
[2023-09-15T08:00:09.995+0000] {logging_mixin.py:151} INFO - [2023-09-15T08:00:09.995+0000] {manager.py:499} INFO - Created Permission View: %s
[2023-09-15T08:00:09.998+0000] {logging_mixin.py:151} INFO - [2023-09-15T08:00:09.997+0000] {manager.py:499} INFO - Created Permission View: %s
[2023-09-15T08:00:09.998+0000] {logging_mixin.py:151} INFO - [2023-09-15T08:00:09.998+0000] {security.py:708} INFO - Not syncing DAG-level permissions for DAG 'DAG:etl_dag' as access control is unset.
[2023-09-15T08:00:09.998+0000] {logging_mixin.py:151} INFO - [2023-09-15T08:00:09.998+0000] {dag.py:2915} INFO - Sync 1 DAGs
[2023-09-15T08:00:10.003+0000] {logging_mixin.py:151} INFO - [2023-09-15T08:00:10.003+0000] {dag.py:2937} INFO - Creating ORM DAG for etl_dag
[2023-09-15T08:00:10.007+0000] {logging_mixin.py:151} INFO - [2023-09-15T08:00:10.007+0000] {dag.py:3696} INFO - Setting next_dagrun for etl_dag to 2023-09-14T00:00:00+00:00, run_after=2023-09-15T00:00:00+00:00
[2023-09-15T08:00:10.015+0000] {processor.py:179} INFO - Processing /opt/airflow/dags/etl_dag.py took 0.809 seconds
[2023-09-15T08:00:40.268+0000] {processor.py:157} INFO - Started process (PID=39) to work on /opt/airflow/dags/etl_dag.py
[2023-09-15T08:00:40.269+0000] {processor.py:829} INFO - Processing file /opt/airflow/dags/etl_dag.py for tasks to queue
[2023-09-15T08:00:40.271+0000] {logging_mixin.py:151} INFO - [2023-09-15T08:00:40.271+0000] {dagbag.py:539} INFO - Filling up the DagBag from /opt/airflow/dags/etl_dag.py
[2023-09-15T08:00:40.464+0000] {processor.py:839} INFO - DAG(s) dict_keys(['etl_dag']) retrieved from /opt/airflow/dags/etl_dag.py
[2023-09-15T08:00:40.479+0000] {logging_mixin.py:151} INFO - [2023-09-15T08:00:40.479+0000] {dag.py:2915} INFO - Sync 1 DAGs
[2023-09-15T08:00:40.489+0000] {logging_mixin.py:151} INFO - [2023-09-15T08:00:40.489+0000] {dag.py:3696} INFO - Setting next_dagrun for etl_dag to 2023-09-14T00:00:00+00:00, run_after=2023-09-15T00:00:00+00:00
[2023-09-15T08:00:40.497+0000] {processor.py:179} INFO - Processing /opt/airflow/dags/etl_dag.py took 0.233 seconds
[2023-09-15T08:01:10.717+0000] {processor.py:157} INFO - Started process (PID=48) to work on /opt/airflow/dags/etl_dag.py
[2023-09-15T08:01:10.718+0000] {processor.py:829} INFO - Processing file /opt/airflow/dags/etl_dag.py for tasks to queue
[2023-09-15T08:01:10.720+0000] {logging_mixin.py:151} INFO - [2023-09-15T08:01:10.720+0000] {dagbag.py:539} INFO - Filling up the DagBag from /opt/airflow/dags/etl_dag.py
[2023-09-15T08:01:10.868+0000] {processor.py:839} INFO - DAG(s) dict_keys(['etl_dag']) retrieved from /opt/airflow/dags/etl_dag.py
[2023-09-15T08:01:10.881+0000] {logging_mixin.py:151} INFO - [2023-09-15T08:01:10.881+0000] {dag.py:2915} INFO - Sync 1 DAGs
[2023-09-15T08:01:10.890+0000] {logging_mixin.py:151} INFO - [2023-09-15T08:01:10.890+0000] {dag.py:3696} INFO - Setting next_dagrun for etl_dag to 2023-09-15T00:00:00+00:00, run_after=2023-09-16T00:00:00+00:00
[2023-09-15T08:01:10.897+0000] {processor.py:179} INFO - Processing /opt/airflow/dags/etl_dag.py took 0.184 seconds
[2023-09-15T08:01:41.007+0000] {processor.py:157} INFO - Started process (PID=57) to work on /opt/airflow/dags/etl_dag.py
[2023-09-15T08:01:41.008+0000] {processor.py:829} INFO - Processing file /opt/airflow/dags/etl_dag.py for tasks to queue
[2023-09-15T08:01:41.011+0000] {logging_mixin.py:151} INFO - [2023-09-15T08:01:41.010+0000] {dagbag.py:539} INFO - Filling up the DagBag from /opt/airflow/dags/etl_dag.py
[2023-09-15T08:01:41.161+0000] {processor.py:839} INFO - DAG(s) dict_keys(['etl_dag']) retrieved from /opt/airflow/dags/etl_dag.py
[2023-09-15T08:01:41.173+0000] {logging_mixin.py:151} INFO - [2023-09-15T08:01:41.173+0000] {dag.py:2915} INFO - Sync 1 DAGs
[2023-09-15T08:01:41.182+0000] {logging_mixin.py:151} INFO - [2023-09-15T08:01:41.182+0000] {dag.py:3696} INFO - Setting next_dagrun for etl_dag to 2023-09-15T00:00:00+00:00, run_after=2023-09-16T00:00:00+00:00
[2023-09-15T08:01:41.190+0000] {processor.py:179} INFO - Processing /opt/airflow/dags/etl_dag.py took 0.188 seconds
[2023-09-15T08:02:11.377+0000] {processor.py:157} INFO - Started process (PID=65) to work on /opt/airflow/dags/etl_dag.py
[2023-09-15T08:02:11.377+0000] {processor.py:829} INFO - Processing file /opt/airflow/dags/etl_dag.py for tasks to queue
[2023-09-15T08:02:11.379+0000] {logging_mixin.py:151} INFO - [2023-09-15T08:02:11.379+0000] {dagbag.py:539} INFO - Filling up the DagBag from /opt/airflow/dags/etl_dag.py
[2023-09-15T08:02:11.519+0000] {processor.py:839} INFO - DAG(s) dict_keys(['etl_dag']) retrieved from /opt/airflow/dags/etl_dag.py
[2023-09-15T08:02:11.532+0000] {logging_mixin.py:151} INFO - [2023-09-15T08:02:11.532+0000] {dag.py:2915} INFO - Sync 1 DAGs
[2023-09-15T08:02:11.541+0000] {logging_mixin.py:151} INFO - [2023-09-15T08:02:11.541+0000] {dag.py:3696} INFO - Setting next_dagrun for etl_dag to 2023-09-15T00:00:00+00:00, run_after=2023-09-16T00:00:00+00:00
[2023-09-15T08:02:11.548+0000] {processor.py:179} INFO - Processing /opt/airflow/dags/etl_dag.py took 0.174 seconds
[2023-09-15T08:02:41.649+0000] {processor.py:157} INFO - Started process (PID=75) to work on /opt/airflow/dags/etl_dag.py
[2023-09-15T08:02:41.651+0000] {processor.py:829} INFO - Processing file /opt/airflow/dags/etl_dag.py for tasks to queue
[2023-09-15T08:02:41.654+0000] {logging_mixin.py:151} INFO - [2023-09-15T08:02:41.653+0000] {dagbag.py:539} INFO - Filling up the DagBag from /opt/airflow/dags/etl_dag.py
[2023-09-15T08:02:41.801+0000] {processor.py:839} INFO - DAG(s) dict_keys(['etl_dag']) retrieved from /opt/airflow/dags/etl_dag.py
[2023-09-15T08:02:41.814+0000] {logging_mixin.py:151} INFO - [2023-09-15T08:02:41.814+0000] {dag.py:2915} INFO - Sync 1 DAGs
[2023-09-15T08:02:41.824+0000] {logging_mixin.py:151} INFO - [2023-09-15T08:02:41.824+0000] {dag.py:3696} INFO - Setting next_dagrun for etl_dag to 2023-09-15T00:00:00+00:00, run_after=2023-09-16T00:00:00+00:00
[2023-09-15T08:02:41.830+0000] {processor.py:179} INFO - Processing /opt/airflow/dags/etl_dag.py took 0.185 seconds
[2023-09-15T08:03:12.039+0000] {processor.py:157} INFO - Started process (PID=84) to work on /opt/airflow/dags/etl_dag.py
[2023-09-15T08:03:12.041+0000] {processor.py:829} INFO - Processing file /opt/airflow/dags/etl_dag.py for tasks to queue
[2023-09-15T08:03:12.043+0000] {logging_mixin.py:151} INFO - [2023-09-15T08:03:12.043+0000] {dagbag.py:539} INFO - Filling up the DagBag from /opt/airflow/dags/etl_dag.py
[2023-09-15T08:03:12.206+0000] {processor.py:839} INFO - DAG(s) dict_keys(['etl_dag']) retrieved from /opt/airflow/dags/etl_dag.py
[2023-09-15T08:03:12.220+0000] {logging_mixin.py:151} INFO - [2023-09-15T08:03:12.220+0000] {dag.py:2915} INFO - Sync 1 DAGs
[2023-09-15T08:03:12.229+0000] {logging_mixin.py:151} INFO - [2023-09-15T08:03:12.229+0000] {dag.py:3696} INFO - Setting next_dagrun for etl_dag to 2023-09-15T00:00:00+00:00, run_after=2023-09-16T00:00:00+00:00
[2023-09-15T08:03:12.238+0000] {processor.py:179} INFO - Processing /opt/airflow/dags/etl_dag.py took 0.203 seconds
[2023-09-15T08:03:42.482+0000] {processor.py:157} INFO - Started process (PID=93) to work on /opt/airflow/dags/etl_dag.py
[2023-09-15T08:03:42.484+0000] {processor.py:829} INFO - Processing file /opt/airflow/dags/etl_dag.py for tasks to queue
[2023-09-15T08:03:42.486+0000] {logging_mixin.py:151} INFO - [2023-09-15T08:03:42.486+0000] {dagbag.py:539} INFO - Filling up the DagBag from /opt/airflow/dags/etl_dag.py
[2023-09-15T08:03:42.636+0000] {processor.py:839} INFO - DAG(s) dict_keys(['etl_dag']) retrieved from /opt/airflow/dags/etl_dag.py
[2023-09-15T08:03:42.650+0000] {logging_mixin.py:151} INFO - [2023-09-15T08:03:42.650+0000] {dag.py:2915} INFO - Sync 1 DAGs
[2023-09-15T08:03:42.659+0000] {logging_mixin.py:151} INFO - [2023-09-15T08:03:42.659+0000] {dag.py:3696} INFO - Setting next_dagrun for etl_dag to 2023-09-15T00:00:00+00:00, run_after=2023-09-16T00:00:00+00:00
[2023-09-15T08:03:42.666+0000] {processor.py:179} INFO - Processing /opt/airflow/dags/etl_dag.py took 0.188 seconds
[2023-09-15T08:04:12.780+0000] {processor.py:157} INFO - Started process (PID=102) to work on /opt/airflow/dags/etl_dag.py
[2023-09-15T08:04:12.781+0000] {processor.py:829} INFO - Processing file /opt/airflow/dags/etl_dag.py for tasks to queue
[2023-09-15T08:04:12.784+0000] {logging_mixin.py:151} INFO - [2023-09-15T08:04:12.784+0000] {dagbag.py:539} INFO - Filling up the DagBag from /opt/airflow/dags/etl_dag.py
[2023-09-15T08:04:12.933+0000] {processor.py:839} INFO - DAG(s) dict_keys(['etl_dag']) retrieved from /opt/airflow/dags/etl_dag.py
[2023-09-15T08:04:12.946+0000] {logging_mixin.py:151} INFO - [2023-09-15T08:04:12.946+0000] {dag.py:2915} INFO - Sync 1 DAGs
[2023-09-15T08:04:12.955+0000] {logging_mixin.py:151} INFO - [2023-09-15T08:04:12.955+0000] {dag.py:3696} INFO - Setting next_dagrun for etl_dag to 2023-09-15T00:00:00+00:00, run_after=2023-09-16T00:00:00+00:00
[2023-09-15T08:04:12.962+0000] {processor.py:179} INFO - Processing /opt/airflow/dags/etl_dag.py took 0.187 seconds
[2023-09-15T08:04:43.214+0000] {processor.py:157} INFO - Started process (PID=111) to work on /opt/airflow/dags/etl_dag.py
[2023-09-15T08:04:43.215+0000] {processor.py:829} INFO - Processing file /opt/airflow/dags/etl_dag.py for tasks to queue
[2023-09-15T08:04:43.218+0000] {logging_mixin.py:151} INFO - [2023-09-15T08:04:43.218+0000] {dagbag.py:539} INFO - Filling up the DagBag from /opt/airflow/dags/etl_dag.py
[2023-09-15T08:04:43.365+0000] {processor.py:839} INFO - DAG(s) dict_keys(['etl_dag']) retrieved from /opt/airflow/dags/etl_dag.py
[2023-09-15T08:04:43.378+0000] {logging_mixin.py:151} INFO - [2023-09-15T08:04:43.377+0000] {dag.py:2915} INFO - Sync 1 DAGs
[2023-09-15T08:04:43.386+0000] {logging_mixin.py:151} INFO - [2023-09-15T08:04:43.386+0000] {dag.py:3696} INFO - Setting next_dagrun for etl_dag to 2023-09-15T00:00:00+00:00, run_after=2023-09-16T00:00:00+00:00
[2023-09-15T08:04:43.394+0000] {processor.py:179} INFO - Processing /opt/airflow/dags/etl_dag.py took 0.184 seconds
[2023-09-15T08:05:13.548+0000] {processor.py:157} INFO - Started process (PID=120) to work on /opt/airflow/dags/etl_dag.py
[2023-09-15T08:05:13.549+0000] {processor.py:829} INFO - Processing file /opt/airflow/dags/etl_dag.py for tasks to queue
[2023-09-15T08:05:13.551+0000] {logging_mixin.py:151} INFO - [2023-09-15T08:05:13.551+0000] {dagbag.py:539} INFO - Filling up the DagBag from /opt/airflow/dags/etl_dag.py
[2023-09-15T08:05:13.692+0000] {processor.py:839} INFO - DAG(s) dict_keys(['etl_dag']) retrieved from /opt/airflow/dags/etl_dag.py
[2023-09-15T08:05:13.705+0000] {logging_mixin.py:151} INFO - [2023-09-15T08:05:13.705+0000] {dag.py:2915} INFO - Sync 1 DAGs
[2023-09-15T08:05:13.714+0000] {logging_mixin.py:151} INFO - [2023-09-15T08:05:13.714+0000] {dag.py:3696} INFO - Setting next_dagrun for etl_dag to 2023-09-15T00:00:00+00:00, run_after=2023-09-16T00:00:00+00:00
[2023-09-15T08:05:13.721+0000] {processor.py:179} INFO - Processing /opt/airflow/dags/etl_dag.py took 0.177 seconds
[2023-09-15T08:05:43.920+0000] {processor.py:157} INFO - Started process (PID=130) to work on /opt/airflow/dags/etl_dag.py
[2023-09-15T08:05:43.920+0000] {processor.py:829} INFO - Processing file /opt/airflow/dags/etl_dag.py for tasks to queue
[2023-09-15T08:05:43.921+0000] {logging_mixin.py:151} INFO - [2023-09-15T08:05:43.921+0000] {dagbag.py:539} INFO - Filling up the DagBag from /opt/airflow/dags/etl_dag.py
[2023-09-15T08:05:44.065+0000] {processor.py:839} INFO - DAG(s) dict_keys(['etl_dag']) retrieved from /opt/airflow/dags/etl_dag.py
[2023-09-15T08:05:44.080+0000] {logging_mixin.py:151} INFO - [2023-09-15T08:05:44.079+0000] {dag.py:2915} INFO - Sync 1 DAGs
[2023-09-15T08:05:44.090+0000] {logging_mixin.py:151} INFO - [2023-09-15T08:05:44.090+0000] {dag.py:3696} INFO - Setting next_dagrun for etl_dag to 2023-09-15T00:00:00+00:00, run_after=2023-09-16T00:00:00+00:00
[2023-09-15T08:05:44.098+0000] {processor.py:179} INFO - Processing /opt/airflow/dags/etl_dag.py took 0.180 seconds
[2023-09-15T08:06:14.289+0000] {processor.py:157} INFO - Started process (PID=139) to work on /opt/airflow/dags/etl_dag.py
[2023-09-15T08:06:14.290+0000] {processor.py:829} INFO - Processing file /opt/airflow/dags/etl_dag.py for tasks to queue
[2023-09-15T08:06:14.294+0000] {logging_mixin.py:151} INFO - [2023-09-15T08:06:14.293+0000] {dagbag.py:539} INFO - Filling up the DagBag from /opt/airflow/dags/etl_dag.py
[2023-09-15T08:06:14.461+0000] {processor.py:839} INFO - DAG(s) dict_keys(['etl_dag']) retrieved from /opt/airflow/dags/etl_dag.py
[2023-09-15T08:06:14.476+0000] {logging_mixin.py:151} INFO - [2023-09-15T08:06:14.476+0000] {dag.py:2915} INFO - Sync 1 DAGs
[2023-09-15T08:06:14.486+0000] {logging_mixin.py:151} INFO - [2023-09-15T08:06:14.486+0000] {dag.py:3696} INFO - Setting next_dagrun for etl_dag to 2023-09-15T00:00:00+00:00, run_after=2023-09-16T00:00:00+00:00
[2023-09-15T08:06:14.494+0000] {processor.py:179} INFO - Processing /opt/airflow/dags/etl_dag.py took 0.209 seconds
[2023-09-15T08:06:44.632+0000] {processor.py:157} INFO - Started process (PID=149) to work on /opt/airflow/dags/etl_dag.py
[2023-09-15T08:06:44.633+0000] {processor.py:829} INFO - Processing file /opt/airflow/dags/etl_dag.py for tasks to queue
[2023-09-15T08:06:44.636+0000] {logging_mixin.py:151} INFO - [2023-09-15T08:06:44.635+0000] {dagbag.py:539} INFO - Filling up the DagBag from /opt/airflow/dags/etl_dag.py
[2023-09-15T08:06:44.781+0000] {processor.py:839} INFO - DAG(s) dict_keys(['etl_dag']) retrieved from /opt/airflow/dags/etl_dag.py
[2023-09-15T08:06:44.795+0000] {logging_mixin.py:151} INFO - [2023-09-15T08:06:44.794+0000] {dag.py:2915} INFO - Sync 1 DAGs
[2023-09-15T08:06:44.804+0000] {logging_mixin.py:151} INFO - [2023-09-15T08:06:44.804+0000] {dag.py:3696} INFO - Setting next_dagrun for etl_dag to 2023-09-15T00:00:00+00:00, run_after=2023-09-16T00:00:00+00:00
[2023-09-15T08:06:44.810+0000] {processor.py:179} INFO - Processing /opt/airflow/dags/etl_dag.py took 0.183 seconds
[2023-09-15T08:07:15.029+0000] {processor.py:157} INFO - Started process (PID=158) to work on /opt/airflow/dags/etl_dag.py
[2023-09-15T08:07:15.031+0000] {processor.py:829} INFO - Processing file /opt/airflow/dags/etl_dag.py for tasks to queue
[2023-09-15T08:07:15.034+0000] {logging_mixin.py:151} INFO - [2023-09-15T08:07:15.034+0000] {dagbag.py:539} INFO - Filling up the DagBag from /opt/airflow/dags/etl_dag.py
[2023-09-15T08:07:15.193+0000] {processor.py:839} INFO - DAG(s) dict_keys(['etl_dag']) retrieved from /opt/airflow/dags/etl_dag.py
[2023-09-15T08:07:15.208+0000] {logging_mixin.py:151} INFO - [2023-09-15T08:07:15.208+0000] {dag.py:2915} INFO - Sync 1 DAGs
[2023-09-15T08:07:15.219+0000] {logging_mixin.py:151} INFO - [2023-09-15T08:07:15.219+0000] {dag.py:3696} INFO - Setting next_dagrun for etl_dag to 2023-09-15T00:00:00+00:00, run_after=2023-09-16T00:00:00+00:00
[2023-09-15T08:07:15.228+0000] {processor.py:179} INFO - Processing /opt/airflow/dags/etl_dag.py took 0.202 seconds
[2023-09-15T08:07:45.319+0000] {processor.py:157} INFO - Started process (PID=167) to work on /opt/airflow/dags/etl_dag.py
[2023-09-15T08:07:45.320+0000] {processor.py:829} INFO - Processing file /opt/airflow/dags/etl_dag.py for tasks to queue
[2023-09-15T08:07:45.323+0000] {logging_mixin.py:151} INFO - [2023-09-15T08:07:45.322+0000] {dagbag.py:539} INFO - Filling up the DagBag from /opt/airflow/dags/etl_dag.py
[2023-09-15T08:07:45.471+0000] {processor.py:839} INFO - DAG(s) dict_keys(['etl_dag']) retrieved from /opt/airflow/dags/etl_dag.py
[2023-09-15T08:07:45.484+0000] {logging_mixin.py:151} INFO - [2023-09-15T08:07:45.484+0000] {dag.py:2915} INFO - Sync 1 DAGs
[2023-09-15T08:07:45.493+0000] {logging_mixin.py:151} INFO - [2023-09-15T08:07:45.493+0000] {dag.py:3696} INFO - Setting next_dagrun for etl_dag to 2023-09-15T00:00:00+00:00, run_after=2023-09-16T00:00:00+00:00
[2023-09-15T08:07:45.500+0000] {processor.py:179} INFO - Processing /opt/airflow/dags/etl_dag.py took 0.186 seconds
[2023-09-15T08:08:15.754+0000] {processor.py:157} INFO - Started process (PID=176) to work on /opt/airflow/dags/etl_dag.py
[2023-09-15T08:08:15.755+0000] {processor.py:829} INFO - Processing file /opt/airflow/dags/etl_dag.py for tasks to queue
[2023-09-15T08:08:15.758+0000] {logging_mixin.py:151} INFO - [2023-09-15T08:08:15.757+0000] {dagbag.py:539} INFO - Filling up the DagBag from /opt/airflow/dags/etl_dag.py
[2023-09-15T08:08:15.913+0000] {processor.py:839} INFO - DAG(s) dict_keys(['etl_dag']) retrieved from /opt/airflow/dags/etl_dag.py
[2023-09-15T08:08:15.926+0000] {logging_mixin.py:151} INFO - [2023-09-15T08:08:15.926+0000] {dag.py:2915} INFO - Sync 1 DAGs
[2023-09-15T08:08:15.936+0000] {logging_mixin.py:151} INFO - [2023-09-15T08:08:15.936+0000] {dag.py:3696} INFO - Setting next_dagrun for etl_dag to 2023-09-15T00:00:00+00:00, run_after=2023-09-16T00:00:00+00:00
[2023-09-15T08:08:15.943+0000] {processor.py:179} INFO - Processing /opt/airflow/dags/etl_dag.py took 0.193 seconds
[2023-09-15T08:08:46.072+0000] {processor.py:157} INFO - Started process (PID=185) to work on /opt/airflow/dags/etl_dag.py
[2023-09-15T08:08:46.073+0000] {processor.py:829} INFO - Processing file /opt/airflow/dags/etl_dag.py for tasks to queue
[2023-09-15T08:08:46.075+0000] {logging_mixin.py:151} INFO - [2023-09-15T08:08:46.075+0000] {dagbag.py:539} INFO - Filling up the DagBag from /opt/airflow/dags/etl_dag.py
[2023-09-15T08:08:46.219+0000] {processor.py:839} INFO - DAG(s) dict_keys(['etl_dag']) retrieved from /opt/airflow/dags/etl_dag.py
[2023-09-15T08:08:46.232+0000] {logging_mixin.py:151} INFO - [2023-09-15T08:08:46.232+0000] {dag.py:2915} INFO - Sync 1 DAGs
[2023-09-15T08:08:46.241+0000] {logging_mixin.py:151} INFO - [2023-09-15T08:08:46.241+0000] {dag.py:3696} INFO - Setting next_dagrun for etl_dag to 2023-09-15T00:00:00+00:00, run_after=2023-09-16T00:00:00+00:00
[2023-09-15T08:08:46.248+0000] {processor.py:179} INFO - Processing /opt/airflow/dags/etl_dag.py took 0.180 seconds
[2023-09-15T08:09:16.447+0000] {processor.py:157} INFO - Started process (PID=194) to work on /opt/airflow/dags/etl_dag.py
[2023-09-15T08:09:16.448+0000] {processor.py:829} INFO - Processing file /opt/airflow/dags/etl_dag.py for tasks to queue
[2023-09-15T08:09:16.451+0000] {logging_mixin.py:151} INFO - [2023-09-15T08:09:16.450+0000] {dagbag.py:539} INFO - Filling up the DagBag from /opt/airflow/dags/etl_dag.py
[2023-09-15T08:09:16.600+0000] {processor.py:839} INFO - DAG(s) dict_keys(['etl_dag']) retrieved from /opt/airflow/dags/etl_dag.py
[2023-09-15T08:09:16.614+0000] {logging_mixin.py:151} INFO - [2023-09-15T08:09:16.614+0000] {dag.py:2915} INFO - Sync 1 DAGs
[2023-09-15T08:09:16.623+0000] {logging_mixin.py:151} INFO - [2023-09-15T08:09:16.623+0000] {dag.py:3696} INFO - Setting next_dagrun for etl_dag to 2023-09-15T00:00:00+00:00, run_after=2023-09-16T00:00:00+00:00
[2023-09-15T08:09:16.630+0000] {processor.py:179} INFO - Processing /opt/airflow/dags/etl_dag.py took 0.187 seconds
[2023-09-15T08:09:46.733+0000] {processor.py:157} INFO - Started process (PID=203) to work on /opt/airflow/dags/etl_dag.py
[2023-09-15T08:09:46.734+0000] {processor.py:829} INFO - Processing file /opt/airflow/dags/etl_dag.py for tasks to queue
[2023-09-15T08:09:46.737+0000] {logging_mixin.py:151} INFO - [2023-09-15T08:09:46.737+0000] {dagbag.py:539} INFO - Filling up the DagBag from /opt/airflow/dags/etl_dag.py
[2023-09-15T08:09:46.912+0000] {processor.py:839} INFO - DAG(s) dict_keys(['etl_dag']) retrieved from /opt/airflow/dags/etl_dag.py
[2023-09-15T08:09:46.928+0000] {logging_mixin.py:151} INFO - [2023-09-15T08:09:46.927+0000] {dag.py:2915} INFO - Sync 1 DAGs
[2023-09-15T08:09:46.938+0000] {logging_mixin.py:151} INFO - [2023-09-15T08:09:46.938+0000] {dag.py:3696} INFO - Setting next_dagrun for etl_dag to 2023-09-15T00:00:00+00:00, run_after=2023-09-16T00:00:00+00:00
[2023-09-15T08:09:46.946+0000] {processor.py:179} INFO - Processing /opt/airflow/dags/etl_dag.py took 0.218 seconds
[2023-09-15T08:10:17.208+0000] {processor.py:157} INFO - Started process (PID=212) to work on /opt/airflow/dags/etl_dag.py
[2023-09-15T08:10:17.209+0000] {processor.py:829} INFO - Processing file /opt/airflow/dags/etl_dag.py for tasks to queue
[2023-09-15T08:10:17.212+0000] {logging_mixin.py:151} INFO - [2023-09-15T08:10:17.211+0000] {dagbag.py:539} INFO - Filling up the DagBag from /opt/airflow/dags/etl_dag.py
[2023-09-15T08:10:17.359+0000] {processor.py:839} INFO - DAG(s) dict_keys(['etl_dag']) retrieved from /opt/airflow/dags/etl_dag.py
[2023-09-15T08:10:17.372+0000] {logging_mixin.py:151} INFO - [2023-09-15T08:10:17.372+0000] {dag.py:2915} INFO - Sync 1 DAGs
[2023-09-15T08:10:17.381+0000] {logging_mixin.py:151} INFO - [2023-09-15T08:10:17.381+0000] {dag.py:3696} INFO - Setting next_dagrun for etl_dag to 2023-09-15T00:00:00+00:00, run_after=2023-09-16T00:00:00+00:00
[2023-09-15T08:10:17.388+0000] {processor.py:179} INFO - Processing /opt/airflow/dags/etl_dag.py took 0.183 seconds
[2023-09-15T08:10:47.458+0000] {processor.py:157} INFO - Started process (PID=221) to work on /opt/airflow/dags/etl_dag.py
[2023-09-15T08:10:47.459+0000] {processor.py:829} INFO - Processing file /opt/airflow/dags/etl_dag.py for tasks to queue
[2023-09-15T08:10:47.461+0000] {logging_mixin.py:151} INFO - [2023-09-15T08:10:47.461+0000] {dagbag.py:539} INFO - Filling up the DagBag from /opt/airflow/dags/etl_dag.py
[2023-09-15T08:10:47.604+0000] {processor.py:839} INFO - DAG(s) dict_keys(['etl_dag']) retrieved from /opt/airflow/dags/etl_dag.py
[2023-09-15T08:10:47.617+0000] {logging_mixin.py:151} INFO - [2023-09-15T08:10:47.617+0000] {dag.py:2915} INFO - Sync 1 DAGs
[2023-09-15T08:10:47.627+0000] {logging_mixin.py:151} INFO - [2023-09-15T08:10:47.627+0000] {dag.py:3696} INFO - Setting next_dagrun for etl_dag to 2023-09-15T00:00:00+00:00, run_after=2023-09-16T00:00:00+00:00
[2023-09-15T08:10:47.634+0000] {processor.py:179} INFO - Processing /opt/airflow/dags/etl_dag.py took 0.178 seconds
[2023-09-15T08:11:17.936+0000] {processor.py:157} INFO - Started process (PID=230) to work on /opt/airflow/dags/etl_dag.py
[2023-09-15T08:11:17.937+0000] {processor.py:829} INFO - Processing file /opt/airflow/dags/etl_dag.py for tasks to queue
[2023-09-15T08:11:17.939+0000] {logging_mixin.py:151} INFO - [2023-09-15T08:11:17.939+0000] {dagbag.py:539} INFO - Filling up the DagBag from /opt/airflow/dags/etl_dag.py
[2023-09-15T08:11:18.084+0000] {processor.py:839} INFO - DAG(s) dict_keys(['etl_dag']) retrieved from /opt/airflow/dags/etl_dag.py
[2023-09-15T08:11:18.097+0000] {logging_mixin.py:151} INFO - [2023-09-15T08:11:18.097+0000] {dag.py:2915} INFO - Sync 1 DAGs
[2023-09-15T08:11:18.106+0000] {logging_mixin.py:151} INFO - [2023-09-15T08:11:18.106+0000] {dag.py:3696} INFO - Setting next_dagrun for etl_dag to 2023-09-15T00:00:00+00:00, run_after=2023-09-16T00:00:00+00:00
[2023-09-15T08:11:18.113+0000] {processor.py:179} INFO - Processing /opt/airflow/dags/etl_dag.py took 0.180 seconds
[2023-09-15T08:11:48.245+0000] {processor.py:157} INFO - Started process (PID=239) to work on /opt/airflow/dags/etl_dag.py
[2023-09-15T08:11:48.246+0000] {processor.py:829} INFO - Processing file /opt/airflow/dags/etl_dag.py for tasks to queue
[2023-09-15T08:11:48.248+0000] {logging_mixin.py:151} INFO - [2023-09-15T08:11:48.248+0000] {dagbag.py:539} INFO - Filling up the DagBag from /opt/airflow/dags/etl_dag.py
[2023-09-15T08:11:48.441+0000] {processor.py:839} INFO - DAG(s) dict_keys(['etl_dag']) retrieved from /opt/airflow/dags/etl_dag.py
[2023-09-15T08:11:48.454+0000] {logging_mixin.py:151} INFO - [2023-09-15T08:11:48.454+0000] {dag.py:2915} INFO - Sync 1 DAGs
[2023-09-15T08:11:48.464+0000] {logging_mixin.py:151} INFO - [2023-09-15T08:11:48.464+0000] {dag.py:3696} INFO - Setting next_dagrun for etl_dag to 2023-09-15T00:00:00+00:00, run_after=2023-09-16T00:00:00+00:00
[2023-09-15T08:11:48.471+0000] {processor.py:179} INFO - Processing /opt/airflow/dags/etl_dag.py took 0.230 seconds
[2023-09-15T08:17:58.748+0000] {processor.py:157} INFO - Started process (PID=30) to work on /opt/airflow/dags/etl_dag.py
[2023-09-15T08:17:58.756+0000] {processor.py:829} INFO - Processing file /opt/airflow/dags/etl_dag.py for tasks to queue
[2023-09-15T08:17:58.757+0000] {logging_mixin.py:151} INFO - [2023-09-15T08:17:58.757+0000] {dagbag.py:539} INFO - Filling up the DagBag from /opt/airflow/dags/etl_dag.py
[2023-09-15T08:17:59.435+0000] {processor.py:839} INFO - DAG(s) dict_keys(['etl_dag']) retrieved from /opt/airflow/dags/etl_dag.py
[2023-09-15T08:17:59.520+0000] {logging_mixin.py:151} INFO - [2023-09-15T08:17:59.520+0000] {manager.py:499} INFO - Created Permission View: %s
[2023-09-15T08:17:59.539+0000] {logging_mixin.py:151} INFO - [2023-09-15T08:17:59.538+0000] {manager.py:499} INFO - Created Permission View: %s
[2023-09-15T08:17:59.541+0000] {logging_mixin.py:151} INFO - [2023-09-15T08:17:59.541+0000] {manager.py:499} INFO - Created Permission View: %s
[2023-09-15T08:17:59.542+0000] {logging_mixin.py:151} INFO - [2023-09-15T08:17:59.541+0000] {security.py:708} INFO - Not syncing DAG-level permissions for DAG 'DAG:etl_dag' as access control is unset.
[2023-09-15T08:17:59.542+0000] {logging_mixin.py:151} INFO - [2023-09-15T08:17:59.542+0000] {dag.py:2915} INFO - Sync 1 DAGs
[2023-09-15T08:17:59.546+0000] {logging_mixin.py:151} INFO - [2023-09-15T08:17:59.546+0000] {dag.py:2937} INFO - Creating ORM DAG for etl_dag
[2023-09-15T08:17:59.551+0000] {logging_mixin.py:151} INFO - [2023-09-15T08:17:59.551+0000] {dag.py:3696} INFO - Setting next_dagrun for etl_dag to 2023-09-14T00:00:00+00:00, run_after=2023-09-15T00:00:00+00:00
[2023-09-15T08:17:59.558+0000] {processor.py:179} INFO - Processing /opt/airflow/dags/etl_dag.py took 0.812 seconds
[2023-09-15T08:18:29.809+0000] {processor.py:157} INFO - Started process (PID=39) to work on /opt/airflow/dags/etl_dag.py
[2023-09-15T08:18:29.810+0000] {processor.py:829} INFO - Processing file /opt/airflow/dags/etl_dag.py for tasks to queue
[2023-09-15T08:18:29.812+0000] {logging_mixin.py:151} INFO - [2023-09-15T08:18:29.811+0000] {dagbag.py:539} INFO - Filling up the DagBag from /opt/airflow/dags/etl_dag.py
[2023-09-15T08:18:29.964+0000] {processor.py:839} INFO - DAG(s) dict_keys(['etl_dag']) retrieved from /opt/airflow/dags/etl_dag.py
[2023-09-15T08:18:30.008+0000] {logging_mixin.py:151} INFO - [2023-09-15T08:18:30.008+0000] {security.py:708} INFO - Not syncing DAG-level permissions for DAG 'DAG:etl_dag' as access control is unset.
[2023-09-15T08:18:30.009+0000] {logging_mixin.py:151} INFO - [2023-09-15T08:18:30.009+0000] {dag.py:2915} INFO - Sync 1 DAGs
[2023-09-15T08:18:30.017+0000] {logging_mixin.py:151} INFO - [2023-09-15T08:18:30.017+0000] {dag.py:3696} INFO - Setting next_dagrun for etl_dag to 2023-09-14T00:00:00+00:00, run_after=2023-09-15T00:00:00+00:00
[2023-09-15T08:18:30.024+0000] {processor.py:179} INFO - Processing /opt/airflow/dags/etl_dag.py took 0.218 seconds
[2023-09-15T08:19:00.077+0000] {processor.py:157} INFO - Started process (PID=48) to work on /opt/airflow/dags/etl_dag.py
[2023-09-15T08:19:00.079+0000] {processor.py:829} INFO - Processing file /opt/airflow/dags/etl_dag.py for tasks to queue
[2023-09-15T08:19:00.081+0000] {logging_mixin.py:151} INFO - [2023-09-15T08:19:00.081+0000] {dagbag.py:539} INFO - Filling up the DagBag from /opt/airflow/dags/etl_dag.py
[2023-09-15T08:19:00.234+0000] {processor.py:839} INFO - DAG(s) dict_keys(['etl_dag']) retrieved from /opt/airflow/dags/etl_dag.py
[2023-09-15T08:19:00.247+0000] {logging_mixin.py:151} INFO - [2023-09-15T08:19:00.246+0000] {dag.py:2915} INFO - Sync 1 DAGs
[2023-09-15T08:19:00.255+0000] {logging_mixin.py:151} INFO - [2023-09-15T08:19:00.255+0000] {dag.py:3696} INFO - Setting next_dagrun for etl_dag to 2023-09-15T00:00:00+00:00, run_after=2023-09-16T00:00:00+00:00
[2023-09-15T08:19:00.262+0000] {processor.py:179} INFO - Processing /opt/airflow/dags/etl_dag.py took 0.188 seconds
[2023-09-15T08:19:30.509+0000] {processor.py:157} INFO - Started process (PID=57) to work on /opt/airflow/dags/etl_dag.py
[2023-09-15T08:19:30.510+0000] {processor.py:829} INFO - Processing file /opt/airflow/dags/etl_dag.py for tasks to queue
[2023-09-15T08:19:30.514+0000] {logging_mixin.py:151} INFO - [2023-09-15T08:19:30.513+0000] {dagbag.py:539} INFO - Filling up the DagBag from /opt/airflow/dags/etl_dag.py
[2023-09-15T08:19:30.671+0000] {processor.py:839} INFO - DAG(s) dict_keys(['etl_dag']) retrieved from /opt/airflow/dags/etl_dag.py
[2023-09-15T08:19:30.685+0000] {logging_mixin.py:151} INFO - [2023-09-15T08:19:30.685+0000] {dag.py:2915} INFO - Sync 1 DAGs
[2023-09-15T08:19:30.694+0000] {logging_mixin.py:151} INFO - [2023-09-15T08:19:30.694+0000] {dag.py:3696} INFO - Setting next_dagrun for etl_dag to 2023-09-15T00:00:00+00:00, run_after=2023-09-16T00:00:00+00:00
[2023-09-15T08:19:30.701+0000] {processor.py:179} INFO - Processing /opt/airflow/dags/etl_dag.py took 0.197 seconds
[2023-09-15T09:17:03.335+0000] {processor.py:157} INFO - Started process (PID=30) to work on /opt/airflow/dags/etl_dag.py
[2023-09-15T09:17:03.336+0000] {processor.py:829} INFO - Processing file /opt/airflow/dags/etl_dag.py for tasks to queue
[2023-09-15T09:17:03.337+0000] {logging_mixin.py:151} INFO - [2023-09-15T09:17:03.337+0000] {dagbag.py:539} INFO - Filling up the DagBag from /opt/airflow/dags/etl_dag.py
[2023-09-15T09:17:04.057+0000] {processor.py:839} INFO - DAG(s) dict_keys(['etl_dag']) retrieved from /opt/airflow/dags/etl_dag.py
[2023-09-15T09:17:04.166+0000] {logging_mixin.py:151} INFO - [2023-09-15T09:17:04.166+0000] {manager.py:499} INFO - Created Permission View: %s
[2023-09-15T09:17:04.184+0000] {logging_mixin.py:151} INFO - [2023-09-15T09:17:04.184+0000] {manager.py:499} INFO - Created Permission View: %s
[2023-09-15T09:17:04.191+0000] {logging_mixin.py:151} INFO - [2023-09-15T09:17:04.191+0000] {manager.py:499} INFO - Created Permission View: %s
[2023-09-15T09:17:04.191+0000] {logging_mixin.py:151} INFO - [2023-09-15T09:17:04.191+0000] {security.py:708} INFO - Not syncing DAG-level permissions for DAG 'DAG:etl_dag' as access control is unset.
[2023-09-15T09:17:04.192+0000] {logging_mixin.py:151} INFO - [2023-09-15T09:17:04.192+0000] {dag.py:2915} INFO - Sync 1 DAGs
[2023-09-15T09:17:04.199+0000] {logging_mixin.py:151} INFO - [2023-09-15T09:17:04.199+0000] {dag.py:2937} INFO - Creating ORM DAG for etl_dag
[2023-09-15T09:17:04.210+0000] {logging_mixin.py:151} INFO - [2023-09-15T09:17:04.210+0000] {dag.py:3696} INFO - Setting next_dagrun for etl_dag to 2023-09-14T00:00:00+00:00, run_after=2023-09-15T00:00:00+00:00
[2023-09-15T09:17:04.226+0000] {processor.py:179} INFO - Processing /opt/airflow/dags/etl_dag.py took 0.893 seconds
[2023-09-15T09:17:34.471+0000] {processor.py:157} INFO - Started process (PID=39) to work on /opt/airflow/dags/etl_dag.py
[2023-09-15T09:17:34.472+0000] {processor.py:829} INFO - Processing file /opt/airflow/dags/etl_dag.py for tasks to queue
[2023-09-15T09:17:34.475+0000] {logging_mixin.py:151} INFO - [2023-09-15T09:17:34.474+0000] {dagbag.py:539} INFO - Filling up the DagBag from /opt/airflow/dags/etl_dag.py
[2023-09-15T09:17:34.639+0000] {processor.py:839} INFO - DAG(s) dict_keys(['etl_dag']) retrieved from /opt/airflow/dags/etl_dag.py
[2023-09-15T09:17:34.654+0000] {logging_mixin.py:151} INFO - [2023-09-15T09:17:34.654+0000] {dag.py:2915} INFO - Sync 1 DAGs
[2023-09-15T09:17:34.664+0000] {logging_mixin.py:151} INFO - [2023-09-15T09:17:34.664+0000] {dag.py:3696} INFO - Setting next_dagrun for etl_dag to 2023-09-14T00:00:00+00:00, run_after=2023-09-15T00:00:00+00:00
[2023-09-15T09:17:34.671+0000] {processor.py:179} INFO - Processing /opt/airflow/dags/etl_dag.py took 0.204 seconds
[2023-09-15T09:18:04.898+0000] {processor.py:157} INFO - Started process (PID=48) to work on /opt/airflow/dags/etl_dag.py
[2023-09-15T09:18:04.900+0000] {processor.py:829} INFO - Processing file /opt/airflow/dags/etl_dag.py for tasks to queue
[2023-09-15T09:18:04.903+0000] {logging_mixin.py:151} INFO - [2023-09-15T09:18:04.903+0000] {dagbag.py:539} INFO - Filling up the DagBag from /opt/airflow/dags/etl_dag.py
[2023-09-15T09:18:05.056+0000] {processor.py:839} INFO - DAG(s) dict_keys(['etl_dag']) retrieved from /opt/airflow/dags/etl_dag.py
[2023-09-15T09:18:05.071+0000] {logging_mixin.py:151} INFO - [2023-09-15T09:18:05.070+0000] {dag.py:2915} INFO - Sync 1 DAGs
[2023-09-15T09:18:05.080+0000] {logging_mixin.py:151} INFO - [2023-09-15T09:18:05.080+0000] {dag.py:3696} INFO - Setting next_dagrun for etl_dag to 2023-09-15T00:00:00+00:00, run_after=2023-09-16T00:00:00+00:00
[2023-09-15T09:18:05.087+0000] {processor.py:179} INFO - Processing /opt/airflow/dags/etl_dag.py took 0.193 seconds
[2023-09-15T09:19:20.606+0000] {processor.py:157} INFO - Started process (PID=30) to work on /opt/airflow/dags/etl_dag.py
[2023-09-15T09:19:20.606+0000] {processor.py:829} INFO - Processing file /opt/airflow/dags/etl_dag.py for tasks to queue
[2023-09-15T09:19:20.608+0000] {logging_mixin.py:151} INFO - [2023-09-15T09:19:20.607+0000] {dagbag.py:539} INFO - Filling up the DagBag from /opt/airflow/dags/etl_dag.py
[2023-09-15T09:19:21.214+0000] {processor.py:839} INFO - DAG(s) dict_keys(['etl_dag']) retrieved from /opt/airflow/dags/etl_dag.py
[2023-09-15T09:19:21.320+0000] {logging_mixin.py:151} INFO - [2023-09-15T09:19:21.320+0000] {manager.py:499} INFO - Created Permission View: %s
[2023-09-15T09:19:21.342+0000] {logging_mixin.py:151} INFO - [2023-09-15T09:19:21.342+0000] {manager.py:499} INFO - Created Permission View: %s
[2023-09-15T09:19:21.346+0000] {logging_mixin.py:151} INFO - [2023-09-15T09:19:21.346+0000] {manager.py:499} INFO - Created Permission View: %s
[2023-09-15T09:19:21.347+0000] {logging_mixin.py:151} INFO - [2023-09-15T09:19:21.347+0000] {security.py:708} INFO - Not syncing DAG-level permissions for DAG 'DAG:etl_dag' as access control is unset.
[2023-09-15T09:19:21.347+0000] {logging_mixin.py:151} INFO - [2023-09-15T09:19:21.347+0000] {dag.py:2915} INFO - Sync 1 DAGs
[2023-09-15T09:19:21.352+0000] {logging_mixin.py:151} INFO - [2023-09-15T09:19:21.352+0000] {dag.py:2937} INFO - Creating ORM DAG for etl_dag
[2023-09-15T09:19:21.359+0000] {logging_mixin.py:151} INFO - [2023-09-15T09:19:21.359+0000] {dag.py:3696} INFO - Setting next_dagrun for etl_dag to 2023-09-14T00:00:00+00:00, run_after=2023-09-15T00:00:00+00:00
[2023-09-15T09:19:21.376+0000] {processor.py:179} INFO - Processing /opt/airflow/dags/etl_dag.py took 0.772 seconds
[2023-09-15T09:19:51.647+0000] {processor.py:157} INFO - Started process (PID=40) to work on /opt/airflow/dags/etl_dag.py
[2023-09-15T09:19:51.648+0000] {processor.py:829} INFO - Processing file /opt/airflow/dags/etl_dag.py for tasks to queue
[2023-09-15T09:19:51.651+0000] {logging_mixin.py:151} INFO - [2023-09-15T09:19:51.650+0000] {dagbag.py:539} INFO - Filling up the DagBag from /opt/airflow/dags/etl_dag.py
[2023-09-15T09:19:51.799+0000] {processor.py:839} INFO - DAG(s) dict_keys(['etl_dag']) retrieved from /opt/airflow/dags/etl_dag.py
[2023-09-15T09:19:51.812+0000] {logging_mixin.py:151} INFO - [2023-09-15T09:19:51.812+0000] {dag.py:2915} INFO - Sync 1 DAGs
[2023-09-15T09:19:51.821+0000] {logging_mixin.py:151} INFO - [2023-09-15T09:19:51.821+0000] {dag.py:3696} INFO - Setting next_dagrun for etl_dag to 2023-09-14T00:00:00+00:00, run_after=2023-09-15T00:00:00+00:00
[2023-09-15T09:19:51.828+0000] {processor.py:179} INFO - Processing /opt/airflow/dags/etl_dag.py took 0.186 seconds
[2023-09-15T09:20:21.939+0000] {processor.py:157} INFO - Started process (PID=49) to work on /opt/airflow/dags/etl_dag.py
[2023-09-15T09:20:21.940+0000] {processor.py:829} INFO - Processing file /opt/airflow/dags/etl_dag.py for tasks to queue
[2023-09-15T09:20:21.943+0000] {logging_mixin.py:151} INFO - [2023-09-15T09:20:21.942+0000] {dagbag.py:539} INFO - Filling up the DagBag from /opt/airflow/dags/etl_dag.py
[2023-09-15T09:20:22.095+0000] {processor.py:839} INFO - DAG(s) dict_keys(['etl_dag']) retrieved from /opt/airflow/dags/etl_dag.py
[2023-09-15T09:20:22.107+0000] {logging_mixin.py:151} INFO - [2023-09-15T09:20:22.107+0000] {dag.py:2915} INFO - Sync 1 DAGs
[2023-09-15T09:20:22.116+0000] {logging_mixin.py:151} INFO - [2023-09-15T09:20:22.116+0000] {dag.py:3696} INFO - Setting next_dagrun for etl_dag to 2023-09-14T00:00:00+00:00, run_after=2023-09-15T00:00:00+00:00
[2023-09-15T09:20:22.123+0000] {processor.py:179} INFO - Processing /opt/airflow/dags/etl_dag.py took 0.189 seconds
[2023-09-15T09:20:52.328+0000] {processor.py:157} INFO - Started process (PID=58) to work on /opt/airflow/dags/etl_dag.py
[2023-09-15T09:20:52.329+0000] {processor.py:829} INFO - Processing file /opt/airflow/dags/etl_dag.py for tasks to queue
[2023-09-15T09:20:52.331+0000] {logging_mixin.py:151} INFO - [2023-09-15T09:20:52.331+0000] {dagbag.py:539} INFO - Filling up the DagBag from /opt/airflow/dags/etl_dag.py
[2023-09-15T09:20:52.479+0000] {processor.py:839} INFO - DAG(s) dict_keys(['etl_dag']) retrieved from /opt/airflow/dags/etl_dag.py
[2023-09-15T09:20:52.493+0000] {logging_mixin.py:151} INFO - [2023-09-15T09:20:52.493+0000] {dag.py:2915} INFO - Sync 1 DAGs
[2023-09-15T09:20:52.503+0000] {logging_mixin.py:151} INFO - [2023-09-15T09:20:52.503+0000] {dag.py:3696} INFO - Setting next_dagrun for etl_dag to 2023-09-14T00:00:00+00:00, run_after=2023-09-15T00:00:00+00:00
[2023-09-15T09:20:52.510+0000] {processor.py:179} INFO - Processing /opt/airflow/dags/etl_dag.py took 0.185 seconds
[2023-09-15T09:21:22.604+0000] {processor.py:157} INFO - Started process (PID=67) to work on /opt/airflow/dags/etl_dag.py
[2023-09-15T09:21:22.605+0000] {processor.py:829} INFO - Processing file /opt/airflow/dags/etl_dag.py for tasks to queue
[2023-09-15T09:21:22.608+0000] {logging_mixin.py:151} INFO - [2023-09-15T09:21:22.608+0000] {dagbag.py:539} INFO - Filling up the DagBag from /opt/airflow/dags/etl_dag.py
[2023-09-15T09:21:22.771+0000] {processor.py:839} INFO - DAG(s) dict_keys(['etl_dag']) retrieved from /opt/airflow/dags/etl_dag.py
[2023-09-15T09:21:22.785+0000] {logging_mixin.py:151} INFO - [2023-09-15T09:21:22.785+0000] {dag.py:2915} INFO - Sync 1 DAGs
[2023-09-15T09:21:22.795+0000] {logging_mixin.py:151} INFO - [2023-09-15T09:21:22.795+0000] {dag.py:3696} INFO - Setting next_dagrun for etl_dag to 2023-09-15T00:00:00+00:00, run_after=2023-09-16T00:00:00+00:00
[2023-09-15T09:21:22.802+0000] {processor.py:179} INFO - Processing /opt/airflow/dags/etl_dag.py took 0.204 seconds
[2023-09-15T09:21:53.007+0000] {processor.py:157} INFO - Started process (PID=77) to work on /opt/airflow/dags/etl_dag.py
[2023-09-15T09:21:53.008+0000] {processor.py:829} INFO - Processing file /opt/airflow/dags/etl_dag.py for tasks to queue
[2023-09-15T09:21:53.011+0000] {logging_mixin.py:151} INFO - [2023-09-15T09:21:53.010+0000] {dagbag.py:539} INFO - Filling up the DagBag from /opt/airflow/dags/etl_dag.py
[2023-09-15T09:21:53.158+0000] {processor.py:839} INFO - DAG(s) dict_keys(['etl_dag']) retrieved from /opt/airflow/dags/etl_dag.py
[2023-09-15T09:21:53.171+0000] {logging_mixin.py:151} INFO - [2023-09-15T09:21:53.171+0000] {dag.py:2915} INFO - Sync 1 DAGs
[2023-09-15T09:21:53.180+0000] {logging_mixin.py:151} INFO - [2023-09-15T09:21:53.180+0000] {dag.py:3696} INFO - Setting next_dagrun for etl_dag to 2023-09-15T00:00:00+00:00, run_after=2023-09-16T00:00:00+00:00
[2023-09-15T09:21:53.187+0000] {processor.py:179} INFO - Processing /opt/airflow/dags/etl_dag.py took 0.185 seconds
[2023-09-15T09:22:23.342+0000] {processor.py:157} INFO - Started process (PID=87) to work on /opt/airflow/dags/etl_dag.py
[2023-09-15T09:22:23.343+0000] {processor.py:829} INFO - Processing file /opt/airflow/dags/etl_dag.py for tasks to queue
[2023-09-15T09:22:23.344+0000] {logging_mixin.py:151} INFO - [2023-09-15T09:22:23.344+0000] {dagbag.py:539} INFO - Filling up the DagBag from /opt/airflow/dags/etl_dag.py
[2023-09-15T09:22:23.499+0000] {processor.py:839} INFO - DAG(s) dict_keys(['etl_dag']) retrieved from /opt/airflow/dags/etl_dag.py
[2023-09-15T09:22:23.514+0000] {logging_mixin.py:151} INFO - [2023-09-15T09:22:23.514+0000] {dag.py:2915} INFO - Sync 1 DAGs
[2023-09-15T09:22:23.524+0000] {logging_mixin.py:151} INFO - [2023-09-15T09:22:23.524+0000] {dag.py:3696} INFO - Setting next_dagrun for etl_dag to 2023-09-15T00:00:00+00:00, run_after=2023-09-16T00:00:00+00:00
[2023-09-15T09:22:23.531+0000] {processor.py:179} INFO - Processing /opt/airflow/dags/etl_dag.py took 0.192 seconds
