[2023-09-18T07:06:20.006+0000] {taskinstance.py:1157} INFO - Dependencies all met for dep_context=non-requeueable deps ti=<TaskInstance: etl_dag.run_aggregate_queries scheduled__2023-09-18T06:00:00+00:00 [queued]>
[2023-09-18T07:06:20.009+0000] {taskinstance.py:1157} INFO - Dependencies all met for dep_context=requeueable deps ti=<TaskInstance: etl_dag.run_aggregate_queries scheduled__2023-09-18T06:00:00+00:00 [queued]>
[2023-09-18T07:06:20.009+0000] {taskinstance.py:1359} INFO - Starting attempt 1 of 2
[2023-09-18T07:06:20.014+0000] {taskinstance.py:1380} INFO - Executing <Task(PythonOperator): run_aggregate_queries> on 2023-09-18 06:00:00+00:00
[2023-09-18T07:06:20.016+0000] {standard_task_runner.py:57} INFO - Started process 292 to run task
[2023-09-18T07:06:20.018+0000] {standard_task_runner.py:84} INFO - Running: ['***', 'tasks', 'run', 'etl_dag', 'run_aggregate_queries', 'scheduled__2023-09-18T06:00:00+00:00', '--job-id', '6', '--raw', '--subdir', 'DAGS_FOLDER/etl_dag.py', '--cfg-path', '/tmp/tmp4sanzdlq']
[2023-09-18T07:06:20.020+0000] {standard_task_runner.py:85} INFO - Job 6: Subtask run_aggregate_queries
[2023-09-18T07:06:20.045+0000] {task_command.py:415} INFO - Running <TaskInstance: etl_dag.run_aggregate_queries scheduled__2023-09-18T06:00:00+00:00 [running]> on host 11a005d895e9
[2023-09-18T07:06:20.161+0000] {taskinstance.py:1660} INFO - Exporting env vars: AIRFLOW_CTX_DAG_OWNER='admin' AIRFLOW_CTX_DAG_ID='etl_dag' AIRFLOW_CTX_TASK_ID='run_aggregate_queries' AIRFLOW_CTX_EXECUTION_DATE='2023-09-18T06:00:00+00:00' AIRFLOW_CTX_TRY_NUMBER='1' AIRFLOW_CTX_DAG_RUN_ID='scheduled__2023-09-18T06:00:00+00:00'
[2023-09-18T07:06:20.165+0000] {logging_mixin.py:151} INFO - The minimum crime rate in all of UK's borough:45.010384
[2023-09-18T07:06:20.166+0000] {logging_mixin.py:151} INFO - The maximum crime rate in all of UK's borough:463.00064
[2023-09-18T07:06:20.166+0000] {logging_mixin.py:151} INFO - The average crime rate in all of UK's borough:114.66545969684857
[2023-09-18T07:06:20.167+0000] {logging_mixin.py:151} INFO - The median crime rate in UK's borough:103.135498046875
[2023-09-18T07:06:20.167+0000] {logging_mixin.py:151} INFO - successful aggregate operations
[2023-09-18T07:06:20.167+0000] {python.py:194} INFO - Done. Returned value was: None
[2023-09-18T07:06:20.172+0000] {taskinstance.py:1398} INFO - Marking task as SUCCESS. dag_id=etl_dag, task_id=run_aggregate_queries, execution_date=20230918T060000, start_date=20230918T070620, end_date=20230918T070620
[2023-09-18T07:06:20.197+0000] {local_task_job_runner.py:228} INFO - Task exited with return code 0
[2023-09-18T07:06:20.206+0000] {taskinstance.py:2776} INFO - 0 downstream tasks scheduled from follow-on schedule check
[2023-09-18T07:18:25.260+0000] {taskinstance.py:1157} INFO - Dependencies all met for dep_context=non-requeueable deps ti=<TaskInstance: etl_dag.run_aggregate_queries scheduled__2023-09-18T06:00:00+00:00 [queued]>
[2023-09-18T07:18:25.264+0000] {taskinstance.py:1157} INFO - Dependencies all met for dep_context=requeueable deps ti=<TaskInstance: etl_dag.run_aggregate_queries scheduled__2023-09-18T06:00:00+00:00 [queued]>
[2023-09-18T07:18:25.264+0000] {taskinstance.py:1359} INFO - Starting attempt 1 of 2
[2023-09-18T07:18:25.268+0000] {taskinstance.py:1380} INFO - Executing <Task(PythonOperator): run_aggregate_queries> on 2023-09-18 06:00:00+00:00
[2023-09-18T07:18:25.270+0000] {standard_task_runner.py:57} INFO - Started process 76 to run task
[2023-09-18T07:18:25.273+0000] {standard_task_runner.py:84} INFO - Running: ['***', 'tasks', 'run', 'etl_dag', 'run_aggregate_queries', 'scheduled__2023-09-18T06:00:00+00:00', '--job-id', '3', '--raw', '--subdir', 'DAGS_FOLDER/etl_dag.py', '--cfg-path', '/tmp/tmpr32a4x62']
[2023-09-18T07:18:25.274+0000] {standard_task_runner.py:85} INFO - Job 3: Subtask run_aggregate_queries
[2023-09-18T07:18:25.300+0000] {task_command.py:415} INFO - Running <TaskInstance: etl_dag.run_aggregate_queries scheduled__2023-09-18T06:00:00+00:00 [running]> on host cafaced8f547
[2023-09-18T07:18:25.333+0000] {taskinstance.py:1660} INFO - Exporting env vars: AIRFLOW_CTX_DAG_OWNER='admin' AIRFLOW_CTX_DAG_ID='etl_dag' AIRFLOW_CTX_TASK_ID='run_aggregate_queries' AIRFLOW_CTX_EXECUTION_DATE='2023-09-18T06:00:00+00:00' AIRFLOW_CTX_TRY_NUMBER='1' AIRFLOW_CTX_DAG_RUN_ID='scheduled__2023-09-18T06:00:00+00:00'
[2023-09-18T07:18:25.337+0000] {logging_mixin.py:151} INFO - The minimum crime rate in all of UK's borough:45.010384
[2023-09-18T07:18:25.338+0000] {logging_mixin.py:151} INFO - The maximum crime rate in all of UK's borough:463.00064
[2023-09-18T07:18:25.338+0000] {logging_mixin.py:151} INFO - The average crime rate in all of UK's borough:114.66545969684857
[2023-09-18T07:18:25.339+0000] {logging_mixin.py:151} INFO - The median crime rate in UK's borough:103.135498046875
[2023-09-18T07:18:25.339+0000] {logging_mixin.py:151} INFO - successful aggregate operations
[2023-09-18T07:18:25.339+0000] {python.py:194} INFO - Done. Returned value was: None
[2023-09-18T07:18:25.429+0000] {taskinstance.py:1398} INFO - Marking task as SUCCESS. dag_id=etl_dag, task_id=run_aggregate_queries, execution_date=20230918T060000, start_date=20230918T071825, end_date=20230918T071825
[2023-09-18T07:18:25.447+0000] {local_task_job_runner.py:228} INFO - Task exited with return code 0
[2023-09-18T07:18:25.456+0000] {taskinstance.py:2776} INFO - 0 downstream tasks scheduled from follow-on schedule check
