[2023-09-18T07:06:17.508+0000] {taskinstance.py:1157} INFO - Dependencies all met for dep_context=non-requeueable deps ti=<TaskInstance: etl_dag.update_pg scheduled__2023-09-18T06:00:00+00:00 [queued]>
[2023-09-18T07:06:17.512+0000] {taskinstance.py:1157} INFO - Dependencies all met for dep_context=requeueable deps ti=<TaskInstance: etl_dag.update_pg scheduled__2023-09-18T06:00:00+00:00 [queued]>
[2023-09-18T07:06:17.512+0000] {taskinstance.py:1359} INFO - Starting attempt 2 of 2
[2023-09-18T07:06:17.517+0000] {taskinstance.py:1380} INFO - Executing <Task(PythonOperator): update_pg> on 2023-09-18 06:00:00+00:00
[2023-09-18T07:06:17.520+0000] {standard_task_runner.py:57} INFO - Started process 289 to run task
[2023-09-18T07:06:17.522+0000] {standard_task_runner.py:84} INFO - Running: ['***', 'tasks', 'run', 'etl_dag', 'update_pg', 'scheduled__2023-09-18T06:00:00+00:00', '--job-id', '5', '--raw', '--subdir', 'DAGS_FOLDER/etl_dag.py', '--cfg-path', '/tmp/tmpozwz0atx']
[2023-09-18T07:06:17.524+0000] {standard_task_runner.py:85} INFO - Job 5: Subtask update_pg
[2023-09-18T07:06:17.553+0000] {task_command.py:415} INFO - Running <TaskInstance: etl_dag.update_pg scheduled__2023-09-18T06:00:00+00:00 [running]> on host 11a005d895e9
[2023-09-18T07:06:17.697+0000] {taskinstance.py:1660} INFO - Exporting env vars: AIRFLOW_CTX_DAG_OWNER='admin' AIRFLOW_CTX_DAG_ID='etl_dag' AIRFLOW_CTX_TASK_ID='update_pg' AIRFLOW_CTX_EXECUTION_DATE='2023-09-18T06:00:00+00:00' AIRFLOW_CTX_TRY_NUMBER='2' AIRFLOW_CTX_DAG_RUN_ID='scheduled__2023-09-18T06:00:00+00:00'
[2023-09-18T07:06:19.590+0000] {logging_mixin.py:151} INFO -           Code               Borough        Year       Value
0    E09000002  Barking and Dagenham  1999-12-31  120.453818
1    E09000002  Barking and Dagenham  2000-12-31  123.574527
2    E09000002  Barking and Dagenham  2001-12-31  123.981310
3    E09000002  Barking and Dagenham  2002-12-31  122.591776
4    E09000002  Barking and Dagenham  2003-12-31  133.229048
..         ...                   ...         ...         ...
661        727     England and Wales  2012-12-31   65.962231
662        727     England and Wales  2013-12-31         NaN
663        727     England and Wales  2014-12-31         NaN
664        727     England and Wales  2015-12-31         NaN
665        727     England and Wales  2016-12-31         NaN

[666 rows x 4 columns]
[2023-09-18T07:06:19.679+0000] {logging_mixin.py:151} INFO - successful insertion into database
[2023-09-18T07:06:19.680+0000] {python.py:194} INFO - Done. Returned value was: None
[2023-09-18T07:06:19.685+0000] {taskinstance.py:1398} INFO - Marking task as SUCCESS. dag_id=etl_dag, task_id=update_pg, execution_date=20230918T060000, start_date=20230918T070617, end_date=20230918T070619
[2023-09-18T07:06:19.728+0000] {local_task_job_runner.py:228} INFO - Task exited with return code 0
[2023-09-18T07:06:19.741+0000] {taskinstance.py:2776} INFO - 1 downstream tasks scheduled from follow-on schedule check
