[2023-09-15T07:42:46.677+0000] {manager.py:487} INFO - Processing files using up to 2 processes at a time 
[2023-09-15T07:42:46.677+0000] {manager.py:488} INFO - Process each file at most once every 30 seconds
[2023-09-15T07:42:46.678+0000] {manager.py:489} INFO - Checking for new files in /opt/airflow/dags every 300 seconds
[2023-09-15T07:42:46.679+0000] {manager.py:759} INFO - Searching for files in /opt/airflow/dags
[2023-09-15T07:42:46.681+0000] {manager.py:762} INFO - There are 1 files in /opt/airflow/dags
[2023-09-15T07:42:46.796+0000] {manager.py:893} INFO - 
================================================================================
DAG File Processing Stats

File Path                       PID  Runtime      # DAGs    # Errors  Last Runtime    Last Run
----------------------------  -----  ---------  --------  ----------  --------------  ----------
/opt/airflow/dags/etl_dag.py     31  0.09s             0           0
================================================================================
[2023-09-15T07:43:16.999+0000] {manager.py:893} INFO - 
================================================================================
DAG File Processing Stats

File Path                       PID  Runtime      # DAGs    # Errors  Last Runtime    Last Run
----------------------------  -----  ---------  --------  ----------  --------------  -------------------
/opt/airflow/dags/etl_dag.py     39  0.00s             0           1  0.16s           2023-09-15T07:42:46
================================================================================
[2023-09-15T07:43:47.255+0000] {manager.py:893} INFO - 
================================================================================
DAG File Processing Stats

File Path                       PID  Runtime      # DAGs    # Errors  Last Runtime    Last Run
----------------------------  -----  ---------  --------  ----------  --------------  -------------------
/opt/airflow/dags/etl_dag.py     47  0.00s             0           1  0.05s           2023-09-15T07:43:17
================================================================================
[2023-09-15T07:44:17.500+0000] {manager.py:893} INFO - 
================================================================================
DAG File Processing Stats

File Path                       PID  Runtime      # DAGs    # Errors  Last Runtime    Last Run
----------------------------  -----  ---------  --------  ----------  --------------  -------------------
/opt/airflow/dags/etl_dag.py     55  0.00s             0           1  0.04s           2023-09-15T07:43:47
================================================================================
[2023-09-15T07:44:47.745+0000] {manager.py:893} INFO - 
================================================================================
DAG File Processing Stats

File Path                       PID  Runtime      # DAGs    # Errors  Last Runtime    Last Run
----------------------------  -----  ---------  --------  ----------  --------------  -------------------
/opt/airflow/dags/etl_dag.py     63  0.00s             0           1  0.04s           2023-09-15T07:44:17
================================================================================
[2023-09-15T07:45:18.041+0000] {manager.py:893} INFO - 
================================================================================
DAG File Processing Stats

File Path                       PID  Runtime      # DAGs    # Errors  Last Runtime    Last Run
----------------------------  -----  ---------  --------  ----------  --------------  -------------------
/opt/airflow/dags/etl_dag.py     71  0.01s             0           1  0.04s           2023-09-15T07:44:47
================================================================================
[2023-09-15T07:45:48.342+0000] {manager.py:893} INFO - 
================================================================================
DAG File Processing Stats

File Path                       PID  Runtime      # DAGs    # Errors  Last Runtime    Last Run
----------------------------  -----  ---------  --------  ----------  --------------  -------------------
/opt/airflow/dags/etl_dag.py     79  0.01s             0           1  0.06s           2023-09-15T07:45:18
================================================================================
[2023-09-15T07:46:18.628+0000] {manager.py:893} INFO - 
================================================================================
DAG File Processing Stats

File Path                       PID  Runtime      # DAGs    # Errors  Last Runtime    Last Run
----------------------------  -----  ---------  --------  ----------  --------------  -------------------
/opt/airflow/dags/etl_dag.py     87  0.01s             0           1  0.05s           2023-09-15T07:45:48
================================================================================
[2023-09-15T07:46:39.895+0000] {manager.py:469} INFO - Exiting gracefully upon receiving signal 15
[2023-09-15T07:47:11.416+0000] {manager.py:487} INFO - Processing files using up to 2 processes at a time 
[2023-09-15T07:47:11.417+0000] {manager.py:488} INFO - Process each file at most once every 30 seconds
[2023-09-15T07:47:11.432+0000] {manager.py:489} INFO - Checking for new files in /opt/airflow/dags every 300 seconds
[2023-09-15T07:47:11.433+0000] {manager.py:759} INFO - Searching for files in /opt/airflow/dags
[2023-09-15T07:47:11.439+0000] {manager.py:762} INFO - There are 1 files in /opt/airflow/dags
[2023-09-15T07:47:11.627+0000] {manager.py:893} INFO - 
================================================================================
DAG File Processing Stats

File Path                       PID  Runtime      # DAGs    # Errors  Last Runtime    Last Run
----------------------------  -----  ---------  --------  ----------  --------------  ----------
/opt/airflow/dags/etl_dag.py     30  0.13s             0           0
================================================================================
[2023-09-15T07:47:41.865+0000] {manager.py:893} INFO - 
================================================================================
DAG File Processing Stats

File Path                       PID  Runtime      # DAGs    # Errors  Last Runtime    Last Run
----------------------------  -----  ---------  --------  ----------  --------------  -------------------
/opt/airflow/dags/etl_dag.py     38  0.01s             0           1  0.19s           2023-09-15T07:47:11
================================================================================
[2023-09-15T07:47:46.067+0000] {manager.py:469} INFO - Exiting gracefully upon receiving signal 15
[2023-09-15T07:51:30.158+0000] {manager.py:487} INFO - Processing files using up to 2 processes at a time 
[2023-09-15T07:51:30.172+0000] {manager.py:488} INFO - Process each file at most once every 30 seconds
[2023-09-15T07:51:30.172+0000] {manager.py:489} INFO - Checking for new files in /opt/airflow/dags every 300 seconds
[2023-09-15T07:51:30.173+0000] {manager.py:759} INFO - Searching for files in /opt/airflow/dags
[2023-09-15T07:51:30.178+0000] {manager.py:762} INFO - There are 1 files in /opt/airflow/dags
[2023-09-15T07:51:30.424+0000] {manager.py:893} INFO - 
================================================================================
DAG File Processing Stats

File Path                     PID    Runtime      # DAGs    # Errors  Last Runtime    Last Run
----------------------------  -----  ---------  --------  ----------  --------------  -------------------
/opt/airflow/dags/etl_dag.py                           0           1  0.22s           2023-09-15T07:51:30
================================================================================
[2023-09-15T07:52:00.614+0000] {manager.py:893} INFO - 
================================================================================
DAG File Processing Stats

File Path                       PID  Runtime      # DAGs    # Errors  Last Runtime    Last Run
----------------------------  -----  ---------  --------  ----------  --------------  -------------------
/opt/airflow/dags/etl_dag.py     39  0.01s             0           1  0.22s           2023-09-15T07:51:30
================================================================================
[2023-09-15T07:52:30.906+0000] {manager.py:893} INFO - 
================================================================================
DAG File Processing Stats

File Path                       PID  Runtime      # DAGs    # Errors  Last Runtime    Last Run
----------------------------  -----  ---------  --------  ----------  --------------  -------------------
/opt/airflow/dags/etl_dag.py     47  0.01s             0           1  0.06s           2023-09-15T07:52:00
================================================================================
[2023-09-15T07:52:40.655+0000] {manager.py:469} INFO - Exiting gracefully upon receiving signal 15
[2023-09-15T07:53:12.327+0000] {manager.py:487} INFO - Processing files using up to 2 processes at a time 
[2023-09-15T07:53:12.327+0000] {manager.py:488} INFO - Process each file at most once every 30 seconds
[2023-09-15T07:53:12.327+0000] {manager.py:489} INFO - Checking for new files in /opt/airflow/dags every 300 seconds
[2023-09-15T07:53:12.328+0000] {manager.py:759} INFO - Searching for files in /opt/airflow/dags
[2023-09-15T07:53:12.331+0000] {manager.py:762} INFO - There are 1 files in /opt/airflow/dags
[2023-09-15T07:53:12.594+0000] {manager.py:893} INFO - 
================================================================================
DAG File Processing Stats

File Path                       PID  Runtime      # DAGs    # Errors  Last Runtime    Last Run
----------------------------  -----  ---------  --------  ----------  --------------  ----------
/opt/airflow/dags/etl_dag.py     30  0.23s             0           0
================================================================================
[2023-09-15T07:53:42.808+0000] {manager.py:893} INFO - 
================================================================================
DAG File Processing Stats

File Path                       PID  Runtime      # DAGs    # Errors  Last Runtime    Last Run
----------------------------  -----  ---------  --------  ----------  --------------  -------------------
/opt/airflow/dags/etl_dag.py     38  0.01s             0           1  0.29s           2023-09-15T07:53:12
================================================================================
[2023-09-15T07:54:13.078+0000] {manager.py:893} INFO - 
================================================================================
DAG File Processing Stats

File Path                       PID  Runtime      # DAGs    # Errors  Last Runtime    Last Run
----------------------------  -----  ---------  --------  ----------  --------------  -------------------
/opt/airflow/dags/etl_dag.py     46  0.01s             0           1  0.05s           2023-09-15T07:53:42
================================================================================
[2023-09-15T07:54:38.341+0000] {manager.py:469} INFO - Exiting gracefully upon receiving signal 15
[2023-09-15T07:55:52.181+0000] {manager.py:487} INFO - Processing files using up to 2 processes at a time 
[2023-09-15T07:55:52.181+0000] {manager.py:488} INFO - Process each file at most once every 30 seconds
[2023-09-15T07:55:52.182+0000] {manager.py:489} INFO - Checking for new files in /opt/airflow/dags every 300 seconds
[2023-09-15T07:55:52.182+0000] {manager.py:759} INFO - Searching for files in /opt/airflow/dags
[2023-09-15T07:55:52.186+0000] {manager.py:762} INFO - There are 1 files in /opt/airflow/dags
[2023-09-15T07:55:52.310+0000] {manager.py:893} INFO - 
================================================================================
DAG File Processing Stats

File Path                       PID  Runtime      # DAGs    # Errors  Last Runtime    Last Run
----------------------------  -----  ---------  --------  ----------  --------------  ----------
/opt/airflow/dags/etl_dag.py     29  0.10s             0           0
================================================================================
[2023-09-15T07:56:22.524+0000] {manager.py:893} INFO - 
================================================================================
DAG File Processing Stats

File Path                       PID  Runtime      # DAGs    # Errors  Last Runtime    Last Run
----------------------------  -----  ---------  --------  ----------  --------------  -------------------
/opt/airflow/dags/etl_dag.py     38  0.01s             0           1  0.15s           2023-09-15T07:55:52
================================================================================
[2023-09-15T07:56:30.219+0000] {manager.py:469} INFO - Exiting gracefully upon receiving signal 15
[2023-09-15T07:57:20.119+0000] {manager.py:487} INFO - Processing files using up to 2 processes at a time 
[2023-09-15T07:57:20.119+0000] {manager.py:488} INFO - Process each file at most once every 30 seconds
[2023-09-15T07:57:20.120+0000] {manager.py:489} INFO - Checking for new files in /opt/airflow/dags every 300 seconds
[2023-09-15T07:57:20.121+0000] {manager.py:759} INFO - Searching for files in /opt/airflow/dags
[2023-09-15T07:57:20.125+0000] {manager.py:762} INFO - There are 1 files in /opt/airflow/dags
[2023-09-15T07:57:20.268+0000] {manager.py:893} INFO - 
================================================================================
DAG File Processing Stats

File Path                       PID  Runtime      # DAGs    # Errors  Last Runtime    Last Run
----------------------------  -----  ---------  --------  ----------  --------------  ----------
/opt/airflow/dags/etl_dag.py     30  0.12s             0           0
================================================================================
[2023-09-15T07:57:50.485+0000] {manager.py:893} INFO - 
================================================================================
DAG File Processing Stats

File Path                       PID  Runtime      # DAGs    # Errors  Last Runtime    Last Run
----------------------------  -----  ---------  --------  ----------  --------------  -------------------
/opt/airflow/dags/etl_dag.py     38  0.01s             0           1  0.17s           2023-09-15T07:57:20
================================================================================
[2023-09-15T07:58:20.764+0000] {manager.py:893} INFO - 
================================================================================
DAG File Processing Stats

File Path                       PID  Runtime      # DAGs    # Errors  Last Runtime    Last Run
----------------------------  -----  ---------  --------  ----------  --------------  -------------------
/opt/airflow/dags/etl_dag.py     46  0.01s             0           1  0.06s           2023-09-15T07:57:50
================================================================================
[2023-09-15T07:58:51.006+0000] {manager.py:893} INFO - 
================================================================================
DAG File Processing Stats

File Path                       PID  Runtime      # DAGs    # Errors  Last Runtime    Last Run
----------------------------  -----  ---------  --------  ----------  --------------  -------------------
/opt/airflow/dags/etl_dag.py     54  0.01s             0           1  0.05s           2023-09-15T07:58:20
================================================================================
[2023-09-15T07:59:21.266+0000] {manager.py:893} INFO - 
================================================================================
DAG File Processing Stats

File Path                       PID  Runtime      # DAGs    # Errors  Last Runtime    Last Run
----------------------------  -----  ---------  --------  ----------  --------------  -------------------
/opt/airflow/dags/etl_dag.py     62  0.00s             0           1  0.06s           2023-09-15T07:58:51
================================================================================
[2023-09-15T07:59:30.189+0000] {manager.py:469} INFO - Exiting gracefully upon receiving signal 15
[2023-09-15T08:00:09.146+0000] {manager.py:487} INFO - Processing files using up to 2 processes at a time 
[2023-09-15T08:00:09.147+0000] {manager.py:488} INFO - Process each file at most once every 30 seconds
[2023-09-15T08:00:09.162+0000] {manager.py:489} INFO - Checking for new files in /opt/airflow/dags every 300 seconds
[2023-09-15T08:00:09.163+0000] {manager.py:759} INFO - Searching for files in /opt/airflow/dags
[2023-09-15T08:00:09.169+0000] {manager.py:762} INFO - There are 1 files in /opt/airflow/dags
[2023-09-15T08:00:09.307+0000] {manager.py:893} INFO - 
================================================================================
DAG File Processing Stats

File Path                       PID  Runtime      # DAGs    # Errors  Last Runtime    Last Run
----------------------------  -----  ---------  --------  ----------  --------------  ----------
/opt/airflow/dags/etl_dag.py     30  0.11s             0           0
================================================================================
[2023-09-15T08:00:39.478+0000] {manager.py:893} INFO - 
================================================================================
DAG File Processing Stats

File Path                     PID    Runtime      # DAGs    # Errors  Last Runtime    Last Run
----------------------------  -----  ---------  --------  ----------  --------------  -------------------
/opt/airflow/dags/etl_dag.py                           1           0  0.83s           2023-09-15T08:00:10
================================================================================
[2023-09-15T08:01:09.678+0000] {manager.py:893} INFO - 
================================================================================
DAG File Processing Stats

File Path                     PID    Runtime      # DAGs    # Errors  Last Runtime    Last Run
----------------------------  -----  ---------  --------  ----------  --------------  -------------------
/opt/airflow/dags/etl_dag.py                           1           0  0.25s           2023-09-15T08:00:40
================================================================================
[2023-09-15T08:01:39.970+0000] {manager.py:893} INFO - 
================================================================================
DAG File Processing Stats

File Path                     PID    Runtime      # DAGs    # Errors  Last Runtime    Last Run
----------------------------  -----  ---------  --------  ----------  --------------  -------------------
/opt/airflow/dags/etl_dag.py                           1           0  0.20s           2023-09-15T08:01:10
================================================================================
[2023-09-15T08:02:10.349+0000] {manager.py:893} INFO - 
================================================================================
DAG File Processing Stats

File Path                     PID    Runtime      # DAGs    # Errors  Last Runtime    Last Run
----------------------------  -----  ---------  --------  ----------  --------------  -------------------
/opt/airflow/dags/etl_dag.py                           1           0  0.21s           2023-09-15T08:01:41
================================================================================
[2023-09-15T08:02:40.604+0000] {manager.py:893} INFO - 
================================================================================
DAG File Processing Stats

File Path                     PID    Runtime      # DAGs    # Errors  Last Runtime    Last Run
----------------------------  -----  ---------  --------  ----------  --------------  -------------------
/opt/airflow/dags/etl_dag.py                           1           0  0.19s           2023-09-15T08:02:11
================================================================================
[2023-09-15T08:03:11.003+0000] {manager.py:893} INFO - 
================================================================================
DAG File Processing Stats

File Path                     PID    Runtime      # DAGs    # Errors  Last Runtime    Last Run
----------------------------  -----  ---------  --------  ----------  --------------  -------------------
/opt/airflow/dags/etl_dag.py                           1           0  0.21s           2023-09-15T08:02:41
================================================================================
[2023-09-15T08:03:41.219+0000] {manager.py:893} INFO - 
================================================================================
DAG File Processing Stats

File Path                     PID    Runtime      # DAGs    # Errors  Last Runtime    Last Run
----------------------------  -----  ---------  --------  ----------  --------------  -------------------
/opt/airflow/dags/etl_dag.py                           1           0  0.22s           2023-09-15T08:03:12
================================================================================
[2023-09-15T08:04:11.738+0000] {manager.py:893} INFO - 
================================================================================
DAG File Processing Stats

File Path                     PID    Runtime      # DAGs    # Errors  Last Runtime    Last Run
----------------------------  -----  ---------  --------  ----------  --------------  -------------------
/opt/airflow/dags/etl_dag.py                           1           0  0.21s           2023-09-15T08:03:42
================================================================================
[2023-09-15T08:04:42.172+0000] {manager.py:893} INFO - 
================================================================================
DAG File Processing Stats

File Path                     PID    Runtime      # DAGs    # Errors  Last Runtime    Last Run
----------------------------  -----  ---------  --------  ----------  --------------  -------------------
/opt/airflow/dags/etl_dag.py                           1           0  0.21s           2023-09-15T08:04:12
================================================================================
[2023-09-15T08:05:09.459+0000] {manager.py:759} INFO - Searching for files in /opt/airflow/dags
[2023-09-15T08:05:09.487+0000] {manager.py:762} INFO - There are 1 files in /opt/airflow/dags
[2023-09-15T08:05:12.522+0000] {manager.py:893} INFO - 
================================================================================
DAG File Processing Stats

File Path                     PID    Runtime      # DAGs    # Errors  Last Runtime    Last Run
----------------------------  -----  ---------  --------  ----------  --------------  -------------------
/opt/airflow/dags/etl_dag.py                           1           0  0.20s           2023-09-15T08:04:43
================================================================================
[2023-09-15T08:05:42.904+0000] {manager.py:893} INFO - 
================================================================================
DAG File Processing Stats

File Path                     PID    Runtime      # DAGs    # Errors  Last Runtime    Last Run
----------------------------  -----  ---------  --------  ----------  --------------  -------------------
/opt/airflow/dags/etl_dag.py                           1           0  0.19s           2023-09-15T08:05:13
================================================================================
[2023-09-15T08:06:13.246+0000] {manager.py:893} INFO - 
================================================================================
DAG File Processing Stats

File Path                     PID    Runtime      # DAGs    # Errors  Last Runtime    Last Run
----------------------------  -----  ---------  --------  ----------  --------------  -------------------
/opt/airflow/dags/etl_dag.py                           1           0  0.19s           2023-09-15T08:05:44
================================================================================
[2023-09-15T08:06:43.589+0000] {manager.py:893} INFO - 
================================================================================
DAG File Processing Stats

File Path                     PID    Runtime      # DAGs    # Errors  Last Runtime    Last Run
----------------------------  -----  ---------  --------  ----------  --------------  -------------------
/opt/airflow/dags/etl_dag.py                           1           0  0.23s           2023-09-15T08:06:14
================================================================================
[2023-09-15T08:07:13.986+0000] {manager.py:893} INFO - 
================================================================================
DAG File Processing Stats

File Path                     PID    Runtime      # DAGs    # Errors  Last Runtime    Last Run
----------------------------  -----  ---------  --------  ----------  --------------  -------------------
/opt/airflow/dags/etl_dag.py                           1           0  0.21s           2023-09-15T08:06:44
================================================================================
[2023-09-15T08:07:44.272+0000] {manager.py:893} INFO - 
================================================================================
DAG File Processing Stats

File Path                     PID    Runtime      # DAGs    # Errors  Last Runtime    Last Run
----------------------------  -----  ---------  --------  ----------  --------------  -------------------
/opt/airflow/dags/etl_dag.py                           1           0  0.23s           2023-09-15T08:07:15
================================================================================
[2023-09-15T08:08:14.707+0000] {manager.py:893} INFO - 
================================================================================
DAG File Processing Stats

File Path                     PID    Runtime      # DAGs    # Errors  Last Runtime    Last Run
----------------------------  -----  ---------  --------  ----------  --------------  -------------------
/opt/airflow/dags/etl_dag.py                           1           0  0.21s           2023-09-15T08:07:45
================================================================================
[2023-09-15T08:08:45.036+0000] {manager.py:893} INFO - 
================================================================================
DAG File Processing Stats

File Path                     PID    Runtime      # DAGs    # Errors  Last Runtime    Last Run
----------------------------  -----  ---------  --------  ----------  --------------  -------------------
/opt/airflow/dags/etl_dag.py                           1           0  0.22s           2023-09-15T08:08:15
================================================================================
[2023-09-15T08:09:15.403+0000] {manager.py:893} INFO - 
================================================================================
DAG File Processing Stats

File Path                     PID    Runtime      # DAGs    # Errors  Last Runtime    Last Run
----------------------------  -----  ---------  --------  ----------  --------------  -------------------
/opt/airflow/dags/etl_dag.py                           1           0  0.20s           2023-09-15T08:08:46
================================================================================
[2023-09-15T08:09:45.687+0000] {manager.py:893} INFO - 
================================================================================
DAG File Processing Stats

File Path                     PID    Runtime      # DAGs    # Errors  Last Runtime    Last Run
----------------------------  -----  ---------  --------  ----------  --------------  -------------------
/opt/airflow/dags/etl_dag.py                           1           0  0.21s           2023-09-15T08:09:16
================================================================================
[2023-09-15T08:10:10.067+0000] {manager.py:759} INFO - Searching for files in /opt/airflow/dags
[2023-09-15T08:10:10.096+0000] {manager.py:762} INFO - There are 1 files in /opt/airflow/dags
[2023-09-15T08:10:16.168+0000] {manager.py:893} INFO - 
================================================================================
DAG File Processing Stats

File Path                     PID    Runtime      # DAGs    # Errors  Last Runtime    Last Run
----------------------------  -----  ---------  --------  ----------  --------------  -------------------
/opt/airflow/dags/etl_dag.py                           1           0  0.24s           2023-09-15T08:09:46
================================================================================
[2023-09-15T08:10:46.436+0000] {manager.py:893} INFO - 
================================================================================
DAG File Processing Stats

File Path                     PID    Runtime      # DAGs    # Errors  Last Runtime    Last Run
----------------------------  -----  ---------  --------  ----------  --------------  -------------------
/opt/airflow/dags/etl_dag.py                           1           0  0.20s           2023-09-15T08:10:17
================================================================================
[2023-09-15T08:11:16.907+0000] {manager.py:893} INFO - 
================================================================================
DAG File Processing Stats

File Path                     PID    Runtime      # DAGs    # Errors  Last Runtime    Last Run
----------------------------  -----  ---------  --------  ----------  --------------  -------------------
/opt/airflow/dags/etl_dag.py                           1           0  0.19s           2023-09-15T08:10:47
================================================================================
[2023-09-15T08:11:47.198+0000] {manager.py:893} INFO - 
================================================================================
DAG File Processing Stats

File Path                     PID    Runtime      # DAGs    # Errors  Last Runtime    Last Run
----------------------------  -----  ---------  --------  ----------  --------------  -------------------
/opt/airflow/dags/etl_dag.py                           1           0  0.20s           2023-09-15T08:11:18
================================================================================
[2023-09-15T08:12:04.488+0000] {manager.py:1145} WARNING - Skipping processing of missing file: /opt/airflow/dags/etl_dag.py
[2023-09-15T08:15:10.260+0000] {manager.py:759} INFO - Searching for files in /opt/airflow/dags
[2023-09-15T08:15:10.278+0000] {manager.py:762} INFO - There are 0 files in /opt/airflow/dags
[2023-09-15T08:16:59.372+0000] {manager.py:469} INFO - Exiting gracefully upon receiving signal 15
[2023-09-15T08:17:58.687+0000] {manager.py:487} INFO - Processing files using up to 2 processes at a time 
[2023-09-15T08:17:58.687+0000] {manager.py:488} INFO - Process each file at most once every 30 seconds
[2023-09-15T08:17:58.688+0000] {manager.py:489} INFO - Checking for new files in /opt/airflow/dags every 300 seconds
[2023-09-15T08:17:58.689+0000] {manager.py:759} INFO - Searching for files in /opt/airflow/dags
[2023-09-15T08:17:58.696+0000] {manager.py:762} INFO - There are 1 files in /opt/airflow/dags
[2023-09-15T08:17:58.897+0000] {manager.py:893} INFO - 
================================================================================
DAG File Processing Stats

File Path                       PID  Runtime      # DAGs    # Errors  Last Runtime    Last Run
----------------------------  -----  ---------  --------  ----------  --------------  ----------
/opt/airflow/dags/etl_dag.py     30  0.17s             0           0
================================================================================
[2023-09-15T08:18:29.091+0000] {manager.py:893} INFO - 
================================================================================
DAG File Processing Stats

File Path                     PID    Runtime      # DAGs    # Errors  Last Runtime    Last Run
----------------------------  -----  ---------  --------  ----------  --------------  -------------------
/opt/airflow/dags/etl_dag.py                           1           0  0.84s           2023-09-15T08:17:59
================================================================================
[2023-09-15T08:18:59.216+0000] {manager.py:893} INFO - 
================================================================================
DAG File Processing Stats

File Path                     PID    Runtime      # DAGs    # Errors  Last Runtime    Last Run
----------------------------  -----  ---------  --------  ----------  --------------  -------------------
/opt/airflow/dags/etl_dag.py                           1           0  0.23s           2023-09-15T08:18:30
================================================================================
[2023-09-15T08:19:29.469+0000] {manager.py:893} INFO - 
================================================================================
DAG File Processing Stats

File Path                     PID    Runtime      # DAGs    # Errors  Last Runtime    Last Run
----------------------------  -----  ---------  --------  ----------  --------------  -------------------
/opt/airflow/dags/etl_dag.py                           1           0  0.21s           2023-09-15T08:19:00
================================================================================
[2023-09-15T08:19:37.632+0000] {manager.py:469} INFO - Exiting gracefully upon receiving signal 15
[2023-09-15T09:17:03.231+0000] {manager.py:487} INFO - Processing files using up to 2 processes at a time 
[2023-09-15T09:17:03.231+0000] {manager.py:488} INFO - Process each file at most once every 30 seconds
[2023-09-15T09:17:03.232+0000] {manager.py:489} INFO - Checking for new files in /opt/airflow/dags every 300 seconds
[2023-09-15T09:17:03.233+0000] {manager.py:759} INFO - Searching for files in /opt/airflow/dags
[2023-09-15T09:17:03.252+0000] {manager.py:762} INFO - There are 1 files in /opt/airflow/dags
[2023-09-15T09:17:03.455+0000] {manager.py:893} INFO - 
================================================================================
DAG File Processing Stats

File Path                       PID  Runtime      # DAGs    # Errors  Last Runtime    Last Run
----------------------------  -----  ---------  --------  ----------  --------------  ----------
/opt/airflow/dags/etl_dag.py     30  0.14s             0           0
================================================================================
[2023-09-15T09:17:33.610+0000] {manager.py:893} INFO - 
================================================================================
DAG File Processing Stats

File Path                     PID    Runtime      # DAGs    # Errors  Last Runtime    Last Run
----------------------------  -----  ---------  --------  ----------  --------------  -------------------
/opt/airflow/dags/etl_dag.py                           1           0  0.92s           2023-09-15T09:17:04
================================================================================
[2023-09-15T09:18:03.847+0000] {manager.py:893} INFO - 
================================================================================
DAG File Processing Stats

File Path                     PID    Runtime      # DAGs    # Errors  Last Runtime    Last Run
----------------------------  -----  ---------  --------  ----------  --------------  -------------------
/opt/airflow/dags/etl_dag.py                           1           0  0.22s           2023-09-15T09:17:34
================================================================================
[2023-09-15T09:18:26.899+0000] {manager.py:469} INFO - Exiting gracefully upon receiving signal 15
[2023-09-15T09:19:20.566+0000] {manager.py:487} INFO - Processing files using up to 2 processes at a time 
[2023-09-15T09:19:20.566+0000] {manager.py:488} INFO - Process each file at most once every 30 seconds
[2023-09-15T09:19:20.567+0000] {manager.py:489} INFO - Checking for new files in /opt/airflow/dags every 300 seconds
[2023-09-15T09:19:20.568+0000] {manager.py:759} INFO - Searching for files in /opt/airflow/dags
[2023-09-15T09:19:20.576+0000] {manager.py:762} INFO - There are 1 files in /opt/airflow/dags
[2023-09-15T09:19:20.759+0000] {manager.py:893} INFO - 
================================================================================
DAG File Processing Stats

File Path                       PID  Runtime      # DAGs    # Errors  Last Runtime    Last Run
----------------------------  -----  ---------  --------  ----------  --------------  ----------
/opt/airflow/dags/etl_dag.py     30  0.16s             0           0
================================================================================
[2023-09-15T09:19:50.933+0000] {manager.py:893} INFO - 
================================================================================
DAG File Processing Stats

File Path                     PID    Runtime      # DAGs    # Errors  Last Runtime    Last Run
----------------------------  -----  ---------  --------  ----------  --------------  -------------------
/opt/airflow/dags/etl_dag.py                           1           0  0.78s           2023-09-15T09:19:21
================================================================================
[2023-09-15T09:20:21.055+0000] {manager.py:893} INFO - 
================================================================================
DAG File Processing Stats

File Path                     PID    Runtime      # DAGs    # Errors  Last Runtime    Last Run
----------------------------  -----  ---------  --------  ----------  --------------  -------------------
/opt/airflow/dags/etl_dag.py                           1           0  0.20s           2023-09-15T09:19:51
================================================================================
[2023-09-15T09:20:51.295+0000] {manager.py:893} INFO - 
================================================================================
DAG File Processing Stats

File Path                     PID    Runtime      # DAGs    # Errors  Last Runtime    Last Run
----------------------------  -----  ---------  --------  ----------  --------------  -------------------
/opt/airflow/dags/etl_dag.py                           1           0  0.21s           2023-09-15T09:20:22
================================================================================
[2023-09-15T09:21:21.562+0000] {manager.py:893} INFO - 
================================================================================
DAG File Processing Stats

File Path                     PID    Runtime      # DAGs    # Errors  Last Runtime    Last Run
----------------------------  -----  ---------  --------  ----------  --------------  -------------------
/opt/airflow/dags/etl_dag.py                           1           0  0.20s           2023-09-15T09:20:52
================================================================================
[2023-09-15T09:21:51.962+0000] {manager.py:893} INFO - 
================================================================================
DAG File Processing Stats

File Path                     PID    Runtime      # DAGs    # Errors  Last Runtime    Last Run
----------------------------  -----  ---------  --------  ----------  --------------  -------------------
/opt/airflow/dags/etl_dag.py                           1           0  0.22s           2023-09-15T09:21:22
================================================================================
[2023-09-15T09:22:22.308+0000] {manager.py:893} INFO - 
================================================================================
DAG File Processing Stats

File Path                     PID    Runtime      # DAGs    # Errors  Last Runtime    Last Run
----------------------------  -----  ---------  --------  ----------  --------------  -------------------
/opt/airflow/dags/etl_dag.py                           1           0  0.20s           2023-09-15T09:21:53
================================================================================
[2023-09-15T09:22:32.342+0000] {manager.py:469} INFO - Exiting gracefully upon receiving signal 15
