[2023-09-18T06:06:29.475+0000] {taskinstance.py:1157} INFO - Dependencies all met for dep_context=non-requeueable deps ti=<TaskInstance: etl_dag.update_pg scheduled__2023-09-18T05:00:00+00:00 [queued]>
[2023-09-18T06:06:29.479+0000] {taskinstance.py:1157} INFO - Dependencies all met for dep_context=requeueable deps ti=<TaskInstance: etl_dag.update_pg scheduled__2023-09-18T05:00:00+00:00 [queued]>
[2023-09-18T06:06:29.479+0000] {taskinstance.py:1359} INFO - Starting attempt 1 of 2
[2023-09-18T06:06:29.485+0000] {taskinstance.py:1380} INFO - Executing <Task(PythonOperator): update_pg> on 2023-09-18 05:00:00+00:00
[2023-09-18T06:06:29.487+0000] {standard_task_runner.py:57} INFO - Started process 169 to run task
[2023-09-18T06:06:29.490+0000] {standard_task_runner.py:84} INFO - Running: ['***', 'tasks', 'run', 'etl_dag', 'update_pg', 'scheduled__2023-09-18T05:00:00+00:00', '--job-id', '2', '--raw', '--subdir', 'DAGS_FOLDER/etl_dag.py', '--cfg-path', '/tmp/tmpxu8j0_hx']
[2023-09-18T06:06:29.492+0000] {standard_task_runner.py:85} INFO - Job 2: Subtask update_pg
[2023-09-18T06:06:29.530+0000] {task_command.py:415} INFO - Running <TaskInstance: etl_dag.update_pg scheduled__2023-09-18T05:00:00+00:00 [running]> on host 11a005d895e9
[2023-09-18T06:06:29.678+0000] {taskinstance.py:1660} INFO - Exporting env vars: AIRFLOW_CTX_DAG_OWNER='admin' AIRFLOW_CTX_DAG_ID='etl_dag' AIRFLOW_CTX_TASK_ID='update_pg' AIRFLOW_CTX_EXECUTION_DATE='2023-09-18T05:00:00+00:00' AIRFLOW_CTX_TRY_NUMBER='1' AIRFLOW_CTX_DAG_RUN_ID='scheduled__2023-09-18T05:00:00+00:00'
[2023-09-18T06:06:31.638+0000] {logging_mixin.py:151} INFO -           Code               Borough        Year       Value
0    E09000002  Barking and Dagenham  1999-12-31  120.453818
1    E09000002  Barking and Dagenham  2000-12-31  123.574527
2    E09000002  Barking and Dagenham  2001-12-31  123.981310
3    E09000002  Barking and Dagenham  2002-12-31  122.591776
4    E09000002  Barking and Dagenham  2003-12-31  133.229048
..         ...                   ...         ...         ...
661        727     England and Wales  2012-12-31   65.962231
662        727     England and Wales  2013-12-31         NaN
663        727     England and Wales  2014-12-31         NaN
664        727     England and Wales  2015-12-31         NaN
665        727     England and Wales  2016-12-31         NaN

[666 rows x 4 columns]
[2023-09-18T06:06:31.730+0000] {logging_mixin.py:151} INFO - successful insertion into database
[2023-09-18T06:06:31.730+0000] {python.py:194} INFO - Done. Returned value was: None
[2023-09-18T06:06:31.737+0000] {taskinstance.py:1398} INFO - Marking task as SUCCESS. dag_id=etl_dag, task_id=update_pg, execution_date=20230918T050000, start_date=20230918T060629, end_date=20230918T060631
[2023-09-18T06:06:31.766+0000] {local_task_job_runner.py:228} INFO - Task exited with return code 0
[2023-09-18T06:06:31.777+0000] {taskinstance.py:2776} INFO - 1 downstream tasks scheduled from follow-on schedule check
