[2023-09-15T08:00:46.274+0000] {taskinstance.py:1157} INFO - Dependencies all met for dep_context=non-requeueable deps ti=<TaskInstance: etl_dag.update_pg scheduled__2023-09-14T00:00:00+00:00 [queued]>
[2023-09-15T08:00:46.277+0000] {taskinstance.py:1157} INFO - Dependencies all met for dep_context=requeueable deps ti=<TaskInstance: etl_dag.update_pg scheduled__2023-09-14T00:00:00+00:00 [queued]>
[2023-09-15T08:00:46.277+0000] {taskinstance.py:1359} INFO - Starting attempt 1 of 2
[2023-09-15T08:00:46.281+0000] {taskinstance.py:1380} INFO - Executing <Task(PythonOperator): update_pg> on 2023-09-14 00:00:00+00:00
[2023-09-15T08:00:46.284+0000] {standard_task_runner.py:57} INFO - Started process 56 to run task
[2023-09-15T08:00:46.286+0000] {standard_task_runner.py:84} INFO - Running: ['***', 'tasks', 'run', 'etl_dag', 'update_pg', 'scheduled__2023-09-14T00:00:00+00:00', '--job-id', '3', '--raw', '--subdir', 'DAGS_FOLDER/etl_dag.py', '--cfg-path', '/tmp/tmp0rl5gl_7']
[2023-09-15T08:00:46.287+0000] {standard_task_runner.py:85} INFO - Job 3: Subtask update_pg
[2023-09-15T08:00:46.314+0000] {task_command.py:415} INFO - Running <TaskInstance: etl_dag.update_pg scheduled__2023-09-14T00:00:00+00:00 [running]> on host a44b2e27ddcd
[2023-09-15T08:00:46.433+0000] {taskinstance.py:1660} INFO - Exporting env vars: AIRFLOW_CTX_DAG_OWNER='admin' AIRFLOW_CTX_DAG_ID='etl_dag' AIRFLOW_CTX_TASK_ID='update_pg' AIRFLOW_CTX_EXECUTION_DATE='2023-09-14T00:00:00+00:00' AIRFLOW_CTX_TRY_NUMBER='1' AIRFLOW_CTX_DAG_RUN_ID='scheduled__2023-09-14T00:00:00+00:00'
[2023-09-15T08:00:48.554+0000] {logging_mixin.py:151} INFO -           Code               Borough        Year       Value
0    E09000002  Barking and Dagenham  1999-12-31  120.453818
1    E09000002  Barking and Dagenham  2000-12-31  123.574527
2    E09000002  Barking and Dagenham  2001-12-31  123.981310
3    E09000002  Barking and Dagenham  2002-12-31  122.591776
4    E09000002  Barking and Dagenham  2003-12-31  133.229048
..         ...                   ...         ...         ...
661        727     England and Wales  2012-12-31   65.962231
662        727     England and Wales  2013-12-31         NaN
663        727     England and Wales  2014-12-31         NaN
664        727     England and Wales  2015-12-31         NaN
665        727     England and Wales  2016-12-31         NaN

[666 rows x 4 columns]
[2023-09-15T08:00:48.648+0000] {logging_mixin.py:151} INFO - successful insertion into database
[2023-09-15T08:00:48.648+0000] {python.py:194} INFO - Done. Returned value was: None
[2023-09-15T08:00:48.654+0000] {taskinstance.py:1398} INFO - Marking task as SUCCESS. dag_id=etl_dag, task_id=update_pg, execution_date=20230914T000000, start_date=20230915T080046, end_date=20230915T080048
[2023-09-15T08:00:48.684+0000] {local_task_job_runner.py:228} INFO - Task exited with return code 0
[2023-09-15T08:00:48.695+0000] {taskinstance.py:2776} INFO - 1 downstream tasks scheduled from follow-on schedule check
[2023-09-15T08:18:30.873+0000] {taskinstance.py:1157} INFO - Dependencies all met for dep_context=non-requeueable deps ti=<TaskInstance: etl_dag.update_pg scheduled__2023-09-14T00:00:00+00:00 [queued]>
[2023-09-15T08:18:30.877+0000] {taskinstance.py:1157} INFO - Dependencies all met for dep_context=requeueable deps ti=<TaskInstance: etl_dag.update_pg scheduled__2023-09-14T00:00:00+00:00 [queued]>
[2023-09-15T08:18:30.877+0000] {taskinstance.py:1359} INFO - Starting attempt 1 of 2
[2023-09-15T08:18:30.881+0000] {taskinstance.py:1380} INFO - Executing <Task(PythonOperator): update_pg> on 2023-09-14 00:00:00+00:00
[2023-09-15T08:18:30.884+0000] {standard_task_runner.py:57} INFO - Started process 57 to run task
[2023-09-15T08:18:30.886+0000] {standard_task_runner.py:84} INFO - Running: ['***', 'tasks', 'run', 'etl_dag', 'update_pg', 'scheduled__2023-09-14T00:00:00+00:00', '--job-id', '3', '--raw', '--subdir', 'DAGS_FOLDER/etl_dag.py', '--cfg-path', '/tmp/tmp4pl5drra']
[2023-09-15T08:18:30.888+0000] {standard_task_runner.py:85} INFO - Job 3: Subtask update_pg
[2023-09-15T08:18:30.913+0000] {task_command.py:415} INFO - Running <TaskInstance: etl_dag.update_pg scheduled__2023-09-14T00:00:00+00:00 [running]> on host f6f077378f09
[2023-09-15T08:18:31.033+0000] {taskinstance.py:1660} INFO - Exporting env vars: AIRFLOW_CTX_DAG_OWNER='admin' AIRFLOW_CTX_DAG_ID='etl_dag' AIRFLOW_CTX_TASK_ID='update_pg' AIRFLOW_CTX_EXECUTION_DATE='2023-09-14T00:00:00+00:00' AIRFLOW_CTX_TRY_NUMBER='1' AIRFLOW_CTX_DAG_RUN_ID='scheduled__2023-09-14T00:00:00+00:00'
[2023-09-15T08:18:33.388+0000] {logging_mixin.py:151} INFO -           Code               Borough        Year       Value
0    E09000002  Barking and Dagenham  1999-12-31  120.453818
1    E09000002  Barking and Dagenham  2000-12-31  123.574527
2    E09000002  Barking and Dagenham  2001-12-31  123.981310
3    E09000002  Barking and Dagenham  2002-12-31  122.591776
4    E09000002  Barking and Dagenham  2003-12-31  133.229048
..         ...                   ...         ...         ...
661        727     England and Wales  2012-12-31   65.962231
662        727     England and Wales  2013-12-31         NaN
663        727     England and Wales  2014-12-31         NaN
664        727     England and Wales  2015-12-31         NaN
665        727     England and Wales  2016-12-31         NaN

[666 rows x 4 columns]
[2023-09-15T08:18:33.479+0000] {logging_mixin.py:151} INFO - successful insertion into database
[2023-09-15T08:18:33.480+0000] {python.py:194} INFO - Done. Returned value was: None
[2023-09-15T08:18:33.485+0000] {taskinstance.py:1398} INFO - Marking task as SUCCESS. dag_id=etl_dag, task_id=update_pg, execution_date=20230914T000000, start_date=20230915T081830, end_date=20230915T081833
[2023-09-15T08:18:33.497+0000] {local_task_job_runner.py:228} INFO - Task exited with return code 0
[2023-09-15T08:18:33.507+0000] {taskinstance.py:2776} INFO - 1 downstream tasks scheduled from follow-on schedule check
[2023-09-15T09:17:44.291+0000] {taskinstance.py:1157} INFO - Dependencies all met for dep_context=non-requeueable deps ti=<TaskInstance: etl_dag.update_pg scheduled__2023-09-14T00:00:00+00:00 [queued]>
[2023-09-15T09:17:44.295+0000] {taskinstance.py:1157} INFO - Dependencies all met for dep_context=requeueable deps ti=<TaskInstance: etl_dag.update_pg scheduled__2023-09-14T00:00:00+00:00 [queued]>
[2023-09-15T09:17:44.295+0000] {taskinstance.py:1359} INFO - Starting attempt 1 of 2
[2023-09-15T09:17:44.300+0000] {taskinstance.py:1380} INFO - Executing <Task(PythonOperator): update_pg> on 2023-09-14 00:00:00+00:00
[2023-09-15T09:17:44.303+0000] {standard_task_runner.py:57} INFO - Started process 58 to run task
[2023-09-15T09:17:44.305+0000] {standard_task_runner.py:84} INFO - Running: ['***', 'tasks', 'run', 'etl_dag', 'update_pg', 'scheduled__2023-09-14T00:00:00+00:00', '--job-id', '3', '--raw', '--subdir', 'DAGS_FOLDER/etl_dag.py', '--cfg-path', '/tmp/tmp8684dr1f']
[2023-09-15T09:17:44.307+0000] {standard_task_runner.py:85} INFO - Job 3: Subtask update_pg
[2023-09-15T09:17:44.337+0000] {task_command.py:415} INFO - Running <TaskInstance: etl_dag.update_pg scheduled__2023-09-14T00:00:00+00:00 [running]> on host 6129e5175467
[2023-09-15T09:17:44.498+0000] {taskinstance.py:1660} INFO - Exporting env vars: AIRFLOW_CTX_DAG_OWNER='admin' AIRFLOW_CTX_DAG_ID='etl_dag' AIRFLOW_CTX_TASK_ID='update_pg' AIRFLOW_CTX_EXECUTION_DATE='2023-09-14T00:00:00+00:00' AIRFLOW_CTX_TRY_NUMBER='1' AIRFLOW_CTX_DAG_RUN_ID='scheduled__2023-09-14T00:00:00+00:00'
[2023-09-15T09:17:46.808+0000] {logging_mixin.py:151} INFO -           Code               Borough        Year       Value
0    E09000002  Barking and Dagenham  1999-12-31  120.453818
1    E09000002  Barking and Dagenham  2000-12-31  123.574527
2    E09000002  Barking and Dagenham  2001-12-31  123.981310
3    E09000002  Barking and Dagenham  2002-12-31  122.591776
4    E09000002  Barking and Dagenham  2003-12-31  133.229048
..         ...                   ...         ...         ...
661        727     England and Wales  2012-12-31   65.962231
662        727     England and Wales  2013-12-31         NaN
663        727     England and Wales  2014-12-31         NaN
664        727     England and Wales  2015-12-31         NaN
665        727     England and Wales  2016-12-31         NaN

[666 rows x 4 columns]
[2023-09-15T09:17:46.900+0000] {logging_mixin.py:151} INFO - successful insertion into database
[2023-09-15T09:17:46.900+0000] {python.py:194} INFO - Done. Returned value was: None
[2023-09-15T09:17:46.906+0000] {taskinstance.py:1398} INFO - Marking task as SUCCESS. dag_id=etl_dag, task_id=update_pg, execution_date=20230914T000000, start_date=20230915T091744, end_date=20230915T091746
[2023-09-15T09:17:46.919+0000] {local_task_job_runner.py:228} INFO - Task exited with return code 0
[2023-09-15T09:17:46.930+0000] {taskinstance.py:2776} INFO - 1 downstream tasks scheduled from follow-on schedule check
[2023-09-15T09:21:05.414+0000] {taskinstance.py:1157} INFO - Dependencies all met for dep_context=non-requeueable deps ti=<TaskInstance: etl_dag.update_pg scheduled__2023-09-14T00:00:00+00:00 [queued]>
[2023-09-15T09:21:05.417+0000] {taskinstance.py:1157} INFO - Dependencies all met for dep_context=requeueable deps ti=<TaskInstance: etl_dag.update_pg scheduled__2023-09-14T00:00:00+00:00 [queued]>
[2023-09-15T09:21:05.417+0000] {taskinstance.py:1359} INFO - Starting attempt 1 of 2
[2023-09-15T09:21:05.422+0000] {taskinstance.py:1380} INFO - Executing <Task(PythonOperator): update_pg> on 2023-09-14 00:00:00+00:00
[2023-09-15T09:21:05.424+0000] {standard_task_runner.py:57} INFO - Started process 72 to run task
[2023-09-15T09:21:05.426+0000] {standard_task_runner.py:84} INFO - Running: ['***', 'tasks', 'run', 'etl_dag', 'update_pg', 'scheduled__2023-09-14T00:00:00+00:00', '--job-id', '3', '--raw', '--subdir', 'DAGS_FOLDER/etl_dag.py', '--cfg-path', '/tmp/tmp45_ci_0y']
[2023-09-15T09:21:05.428+0000] {standard_task_runner.py:85} INFO - Job 3: Subtask update_pg
[2023-09-15T09:21:05.454+0000] {task_command.py:415} INFO - Running <TaskInstance: etl_dag.update_pg scheduled__2023-09-14T00:00:00+00:00 [running]> on host 5010bd0932b7
[2023-09-15T09:21:05.571+0000] {taskinstance.py:1660} INFO - Exporting env vars: AIRFLOW_CTX_DAG_OWNER='admin' AIRFLOW_CTX_DAG_ID='etl_dag' AIRFLOW_CTX_TASK_ID='update_pg' AIRFLOW_CTX_EXECUTION_DATE='2023-09-14T00:00:00+00:00' AIRFLOW_CTX_TRY_NUMBER='1' AIRFLOW_CTX_DAG_RUN_ID='scheduled__2023-09-14T00:00:00+00:00'
[2023-09-15T09:21:07.307+0000] {logging_mixin.py:151} INFO -           Code               Borough        Year       Value
0    E09000002  Barking and Dagenham  1999-12-31  120.453818
1    E09000002  Barking and Dagenham  2000-12-31  123.574527
2    E09000002  Barking and Dagenham  2001-12-31  123.981310
3    E09000002  Barking and Dagenham  2002-12-31  122.591776
4    E09000002  Barking and Dagenham  2003-12-31  133.229048
..         ...                   ...         ...         ...
661        727     England and Wales  2012-12-31   65.962231
662        727     England and Wales  2013-12-31         NaN
663        727     England and Wales  2014-12-31         NaN
664        727     England and Wales  2015-12-31         NaN
665        727     England and Wales  2016-12-31         NaN

[666 rows x 4 columns]
[2023-09-15T09:21:07.400+0000] {logging_mixin.py:151} INFO - successful insertion into database
[2023-09-15T09:21:07.400+0000] {python.py:194} INFO - Done. Returned value was: None
[2023-09-15T09:21:07.406+0000] {taskinstance.py:1398} INFO - Marking task as SUCCESS. dag_id=etl_dag, task_id=update_pg, execution_date=20230914T000000, start_date=20230915T092105, end_date=20230915T092107
[2023-09-15T09:21:07.452+0000] {local_task_job_runner.py:228} INFO - Task exited with return code 0
[2023-09-15T09:21:07.463+0000] {taskinstance.py:2776} INFO - 1 downstream tasks scheduled from follow-on schedule check
