[2023-09-14T09:36:12.858+0000] {taskinstance.py:1157} INFO - Dependencies all met for dep_context=non-requeueable deps ti=<TaskInstance: etl_dag.extract_data_from_url manual__2023-09-14T09:36:11.986322+00:00 [queued]>
[2023-09-14T09:36:12.871+0000] {taskinstance.py:1157} INFO - Dependencies all met for dep_context=requeueable deps ti=<TaskInstance: etl_dag.extract_data_from_url manual__2023-09-14T09:36:11.986322+00:00 [queued]>
[2023-09-14T09:36:12.872+0000] {taskinstance.py:1359} INFO - Starting attempt 1 of 2
[2023-09-14T09:36:12.888+0000] {taskinstance.py:1380} INFO - Executing <Task(PythonOperator): extract_data_from_url> on 2023-09-14 09:36:11.986322+00:00
[2023-09-14T09:36:12.894+0000] {standard_task_runner.py:57} INFO - Started process 98 to run task
[2023-09-14T09:36:12.897+0000] {standard_task_runner.py:84} INFO - Running: ['***', 'tasks', 'run', 'etl_dag', 'extract_data_from_url', 'manual__2023-09-14T09:36:11.986322+00:00', '--job-id', '5', '--raw', '--subdir', 'DAGS_FOLDER/etl_dag.py', '--cfg-path', '/tmp/tmpazdv3gjd']
[2023-09-14T09:36:12.900+0000] {standard_task_runner.py:85} INFO - Job 5: Subtask extract_data_from_url
[2023-09-14T09:36:12.939+0000] {task_command.py:415} INFO - Running <TaskInstance: etl_dag.extract_data_from_url manual__2023-09-14T09:36:11.986322+00:00 [running]> on host 79bfd5ddbbec
[2023-09-14T09:36:12.986+0000] {taskinstance.py:1660} INFO - Exporting env vars: AIRFLOW_CTX_DAG_OWNER='admin' AIRFLOW_CTX_DAG_ID='etl_dag' AIRFLOW_CTX_TASK_ID='extract_data_from_url' AIRFLOW_CTX_EXECUTION_DATE='2023-09-14T09:36:11.986322+00:00' AIRFLOW_CTX_TRY_NUMBER='1' AIRFLOW_CTX_DAG_RUN_ID='manual__2023-09-14T09:36:11.986322+00:00'
[2023-09-14T09:36:14.648+0000] {logging_mixin.py:151} INFO -           Code               Borough        Year       Value
0    E09000002  Barking and Dagenham  1999-12-31  120.453818
1    E09000002  Barking and Dagenham  2000-12-31  123.574527
2    E09000002  Barking and Dagenham  2001-12-31  123.981310
3    E09000002  Barking and Dagenham  2002-12-31  122.591776
4    E09000002  Barking and Dagenham  2003-12-31  133.229048
..         ...                   ...         ...         ...
661        727     England and Wales  2012-12-31   65.962231
662        727     England and Wales  2013-12-31         NaN
663        727     England and Wales  2014-12-31         NaN
664        727     England and Wales  2015-12-31         NaN
665        727     England and Wales  2016-12-31         NaN

[666 rows x 4 columns]
[2023-09-14T09:36:14.698+0000] {python.py:194} INFO - Done. Returned value was: None
[2023-09-14T09:36:14.710+0000] {taskinstance.py:1398} INFO - Marking task as SUCCESS. dag_id=etl_dag, task_id=extract_data_from_url, execution_date=20230914T093611, start_date=20230914T093612, end_date=20230914T093614
[2023-09-14T09:36:14.758+0000] {local_task_job_runner.py:228} INFO - Task exited with return code 0
[2023-09-14T09:36:14.781+0000] {taskinstance.py:2776} INFO - 1 downstream tasks scheduled from follow-on schedule check
