[2023-09-18T04:00:00.518+0000] {taskinstance.py:1157} INFO - Dependencies all met for dep_context=non-requeueable deps ti=<TaskInstance: etl_dag.update_pg scheduled__2023-09-18T03:00:00+00:00 [queued]>
[2023-09-18T04:00:00.521+0000] {taskinstance.py:1157} INFO - Dependencies all met for dep_context=requeueable deps ti=<TaskInstance: etl_dag.update_pg scheduled__2023-09-18T03:00:00+00:00 [queued]>
[2023-09-18T04:00:00.521+0000] {taskinstance.py:1359} INFO - Starting attempt 1 of 2
[2023-09-18T04:00:00.526+0000] {taskinstance.py:1380} INFO - Executing <Task(PythonOperator): update_pg> on 2023-09-18 03:00:00+00:00
[2023-09-18T04:00:00.529+0000] {standard_task_runner.py:57} INFO - Started process 1788 to run task
[2023-09-18T04:00:00.531+0000] {standard_task_runner.py:84} INFO - Running: ['***', 'tasks', 'run', 'etl_dag', 'update_pg', 'scheduled__2023-09-18T03:00:00+00:00', '--job-id', '7', '--raw', '--subdir', 'DAGS_FOLDER/etl_dag.py', '--cfg-path', '/tmp/tmp3dfnhblj']
[2023-09-18T04:00:00.533+0000] {standard_task_runner.py:85} INFO - Job 7: Subtask update_pg
[2023-09-18T04:00:00.558+0000] {task_command.py:415} INFO - Running <TaskInstance: etl_dag.update_pg scheduled__2023-09-18T03:00:00+00:00 [running]> on host 67d52e8adc88
[2023-09-18T04:00:00.696+0000] {taskinstance.py:1660} INFO - Exporting env vars: AIRFLOW_CTX_DAG_OWNER='admin' AIRFLOW_CTX_DAG_ID='etl_dag' AIRFLOW_CTX_TASK_ID='update_pg' AIRFLOW_CTX_EXECUTION_DATE='2023-09-18T03:00:00+00:00' AIRFLOW_CTX_TRY_NUMBER='1' AIRFLOW_CTX_DAG_RUN_ID='scheduled__2023-09-18T03:00:00+00:00'
[2023-09-18T04:00:03.078+0000] {logging_mixin.py:151} INFO -           Code               Borough        Year       Value
0    E09000002  Barking and Dagenham  1999-12-31  120.453818
1    E09000002  Barking and Dagenham  2000-12-31  123.574527
2    E09000002  Barking and Dagenham  2001-12-31  123.981310
3    E09000002  Barking and Dagenham  2002-12-31  122.591776
4    E09000002  Barking and Dagenham  2003-12-31  133.229048
..         ...                   ...         ...         ...
661        727     England and Wales  2012-12-31   65.962231
662        727     England and Wales  2013-12-31         NaN
663        727     England and Wales  2014-12-31         NaN
664        727     England and Wales  2015-12-31         NaN
665        727     England and Wales  2016-12-31         NaN

[666 rows x 4 columns]
[2023-09-18T04:00:03.157+0000] {logging_mixin.py:151} INFO - successful insertion into database
[2023-09-18T04:00:03.157+0000] {python.py:194} INFO - Done. Returned value was: None
[2023-09-18T04:00:03.164+0000] {taskinstance.py:1398} INFO - Marking task as SUCCESS. dag_id=etl_dag, task_id=update_pg, execution_date=20230918T030000, start_date=20230918T040000, end_date=20230918T040003
[2023-09-18T04:00:03.193+0000] {local_task_job_runner.py:228} INFO - Task exited with return code 0
[2023-09-18T04:00:03.204+0000] {taskinstance.py:2776} INFO - 1 downstream tasks scheduled from follow-on schedule check
[2023-09-18T04:23:48.258+0000] {taskinstance.py:1157} INFO - Dependencies all met for dep_context=non-requeueable deps ti=<TaskInstance: etl_dag.update_pg scheduled__2023-09-18T03:00:00+00:00 [queued]>
[2023-09-18T04:23:48.262+0000] {taskinstance.py:1157} INFO - Dependencies all met for dep_context=requeueable deps ti=<TaskInstance: etl_dag.update_pg scheduled__2023-09-18T03:00:00+00:00 [queued]>
[2023-09-18T04:23:48.262+0000] {taskinstance.py:1359} INFO - Starting attempt 1 of 2
[2023-09-18T04:23:48.267+0000] {taskinstance.py:1380} INFO - Executing <Task(PythonOperator): update_pg> on 2023-09-18 03:00:00+00:00
[2023-09-18T04:23:48.269+0000] {standard_task_runner.py:57} INFO - Started process 90 to run task
[2023-09-18T04:23:48.271+0000] {standard_task_runner.py:84} INFO - Running: ['***', 'tasks', 'run', 'etl_dag', 'update_pg', 'scheduled__2023-09-18T03:00:00+00:00', '--job-id', '3', '--raw', '--subdir', 'DAGS_FOLDER/etl_dag.py', '--cfg-path', '/tmp/tmpek_uyzlp']
[2023-09-18T04:23:48.273+0000] {standard_task_runner.py:85} INFO - Job 3: Subtask update_pg
[2023-09-18T04:23:48.300+0000] {task_command.py:415} INFO - Running <TaskInstance: etl_dag.update_pg scheduled__2023-09-18T03:00:00+00:00 [running]> on host 07a2dc85eef5
[2023-09-18T04:23:48.417+0000] {taskinstance.py:1660} INFO - Exporting env vars: AIRFLOW_CTX_DAG_OWNER='admin' AIRFLOW_CTX_DAG_ID='etl_dag' AIRFLOW_CTX_TASK_ID='update_pg' AIRFLOW_CTX_EXECUTION_DATE='2023-09-18T03:00:00+00:00' AIRFLOW_CTX_TRY_NUMBER='1' AIRFLOW_CTX_DAG_RUN_ID='scheduled__2023-09-18T03:00:00+00:00'
[2023-09-18T04:23:50.543+0000] {logging_mixin.py:151} INFO -           Code               Borough        Year       Value
0    E09000002  Barking and Dagenham  1999-12-31  120.453818
1    E09000002  Barking and Dagenham  2000-12-31  123.574527
2    E09000002  Barking and Dagenham  2001-12-31  123.981310
3    E09000002  Barking and Dagenham  2002-12-31  122.591776
4    E09000002  Barking and Dagenham  2003-12-31  133.229048
..         ...                   ...         ...         ...
661        727     England and Wales  2012-12-31   65.962231
662        727     England and Wales  2013-12-31         NaN
663        727     England and Wales  2014-12-31         NaN
664        727     England and Wales  2015-12-31         NaN
665        727     England and Wales  2016-12-31         NaN

[666 rows x 4 columns]
[2023-09-18T04:23:50.636+0000] {logging_mixin.py:151} INFO - successful insertion into database
[2023-09-18T04:23:50.637+0000] {python.py:194} INFO - Done. Returned value was: None
[2023-09-18T04:23:50.643+0000] {taskinstance.py:1398} INFO - Marking task as SUCCESS. dag_id=etl_dag, task_id=update_pg, execution_date=20230918T030000, start_date=20230918T042348, end_date=20230918T042350
[2023-09-18T04:23:50.678+0000] {local_task_job_runner.py:228} INFO - Task exited with return code 0
[2023-09-18T04:23:50.690+0000] {taskinstance.py:2776} INFO - 1 downstream tasks scheduled from follow-on schedule check
[2023-09-18T04:35:29.369+0000] {taskinstance.py:1157} INFO - Dependencies all met for dep_context=non-requeueable deps ti=<TaskInstance: etl_dag.update_pg scheduled__2023-09-18T03:00:00+00:00 [queued]>
[2023-09-18T04:35:29.372+0000] {taskinstance.py:1157} INFO - Dependencies all met for dep_context=requeueable deps ti=<TaskInstance: etl_dag.update_pg scheduled__2023-09-18T03:00:00+00:00 [queued]>
[2023-09-18T04:35:29.372+0000] {taskinstance.py:1359} INFO - Starting attempt 1 of 2
[2023-09-18T04:35:29.377+0000] {taskinstance.py:1380} INFO - Executing <Task(PythonOperator): update_pg> on 2023-09-18 03:00:00+00:00
[2023-09-18T04:35:29.379+0000] {standard_task_runner.py:57} INFO - Started process 58 to run task
[2023-09-18T04:35:29.381+0000] {standard_task_runner.py:84} INFO - Running: ['***', 'tasks', 'run', 'etl_dag', 'update_pg', 'scheduled__2023-09-18T03:00:00+00:00', '--job-id', '3', '--raw', '--subdir', 'DAGS_FOLDER/etl_dag.py', '--cfg-path', '/tmp/tmp3o5w5z4r']
[2023-09-18T04:35:29.383+0000] {standard_task_runner.py:85} INFO - Job 3: Subtask update_pg
[2023-09-18T04:35:29.411+0000] {task_command.py:415} INFO - Running <TaskInstance: etl_dag.update_pg scheduled__2023-09-18T03:00:00+00:00 [running]> on host a6f7cb09c6fe
[2023-09-18T04:35:29.533+0000] {taskinstance.py:1660} INFO - Exporting env vars: AIRFLOW_CTX_DAG_OWNER='admin' AIRFLOW_CTX_DAG_ID='etl_dag' AIRFLOW_CTX_TASK_ID='update_pg' AIRFLOW_CTX_EXECUTION_DATE='2023-09-18T03:00:00+00:00' AIRFLOW_CTX_TRY_NUMBER='1' AIRFLOW_CTX_DAG_RUN_ID='scheduled__2023-09-18T03:00:00+00:00'
[2023-09-18T04:35:31.577+0000] {logging_mixin.py:151} INFO -           Code               Borough        Year       Value
0    E09000002  Barking and Dagenham  1999-12-31  120.453818
1    E09000002  Barking and Dagenham  2000-12-31  123.574527
2    E09000002  Barking and Dagenham  2001-12-31  123.981310
3    E09000002  Barking and Dagenham  2002-12-31  122.591776
4    E09000002  Barking and Dagenham  2003-12-31  133.229048
..         ...                   ...         ...         ...
661        727     England and Wales  2012-12-31   65.962231
662        727     England and Wales  2013-12-31         NaN
663        727     England and Wales  2014-12-31         NaN
664        727     England and Wales  2015-12-31         NaN
665        727     England and Wales  2016-12-31         NaN

[666 rows x 4 columns]
[2023-09-18T04:35:31.672+0000] {logging_mixin.py:151} INFO - successful insertion into database
[2023-09-18T04:35:31.672+0000] {python.py:194} INFO - Done. Returned value was: None
[2023-09-18T04:35:31.678+0000] {taskinstance.py:1398} INFO - Marking task as SUCCESS. dag_id=etl_dag, task_id=update_pg, execution_date=20230918T030000, start_date=20230918T043529, end_date=20230918T043531
[2023-09-18T04:35:31.695+0000] {local_task_job_runner.py:228} INFO - Task exited with return code 0
[2023-09-18T04:35:31.706+0000] {taskinstance.py:2776} INFO - 1 downstream tasks scheduled from follow-on schedule check
