[2023-09-15T08:00:49.053+0000] {taskinstance.py:1157} INFO - Dependencies all met for dep_context=non-requeueable deps ti=<TaskInstance: etl_dag.run_aggregate_queries scheduled__2023-09-14T00:00:00+00:00 [queued]>
[2023-09-15T08:00:49.056+0000] {taskinstance.py:1157} INFO - Dependencies all met for dep_context=requeueable deps ti=<TaskInstance: etl_dag.run_aggregate_queries scheduled__2023-09-14T00:00:00+00:00 [queued]>
[2023-09-15T08:00:49.056+0000] {taskinstance.py:1359} INFO - Starting attempt 1 of 2
[2023-09-15T08:00:49.061+0000] {taskinstance.py:1380} INFO - Executing <Task(PythonOperator): run_aggregate_queries> on 2023-09-14 00:00:00+00:00
[2023-09-15T08:00:49.063+0000] {standard_task_runner.py:57} INFO - Started process 59 to run task
[2023-09-15T08:00:49.065+0000] {standard_task_runner.py:84} INFO - Running: ['***', 'tasks', 'run', 'etl_dag', 'run_aggregate_queries', 'scheduled__2023-09-14T00:00:00+00:00', '--job-id', '4', '--raw', '--subdir', 'DAGS_FOLDER/etl_dag.py', '--cfg-path', '/tmp/tmp6ybvp43d']
[2023-09-15T08:00:49.067+0000] {standard_task_runner.py:85} INFO - Job 4: Subtask run_aggregate_queries
[2023-09-15T08:00:49.092+0000] {task_command.py:415} INFO - Running <TaskInstance: etl_dag.run_aggregate_queries scheduled__2023-09-14T00:00:00+00:00 [running]> on host a44b2e27ddcd
[2023-09-15T08:00:49.126+0000] {taskinstance.py:1660} INFO - Exporting env vars: AIRFLOW_CTX_DAG_OWNER='admin' AIRFLOW_CTX_DAG_ID='etl_dag' AIRFLOW_CTX_TASK_ID='run_aggregate_queries' AIRFLOW_CTX_EXECUTION_DATE='2023-09-14T00:00:00+00:00' AIRFLOW_CTX_TRY_NUMBER='1' AIRFLOW_CTX_DAG_RUN_ID='scheduled__2023-09-14T00:00:00+00:00'
[2023-09-15T08:00:49.130+0000] {logging_mixin.py:151} INFO - The minimum crime rate in all of UK's borough:45.010384
[2023-09-15T08:00:49.130+0000] {logging_mixin.py:151} INFO - The maximum crime rate in all of UK's borough:463.00064
[2023-09-15T08:00:49.131+0000] {logging_mixin.py:151} INFO - The average crime rate in all of UK's borough:114.66545969684857
[2023-09-15T08:00:49.131+0000] {logging_mixin.py:151} INFO - The median crime rate in UK's borough:103.135498046875
[2023-09-15T08:00:49.132+0000] {logging_mixin.py:151} INFO - successful aggregate operations
[2023-09-15T08:00:49.132+0000] {python.py:194} INFO - Done. Returned value was: None
[2023-09-15T08:00:49.222+0000] {taskinstance.py:1398} INFO - Marking task as SUCCESS. dag_id=etl_dag, task_id=run_aggregate_queries, execution_date=20230914T000000, start_date=20230915T080049, end_date=20230915T080049
[2023-09-15T08:00:49.239+0000] {local_task_job_runner.py:228} INFO - Task exited with return code 0
[2023-09-15T08:00:49.248+0000] {taskinstance.py:2776} INFO - 0 downstream tasks scheduled from follow-on schedule check
[2023-09-15T08:18:34.399+0000] {taskinstance.py:1157} INFO - Dependencies all met for dep_context=non-requeueable deps ti=<TaskInstance: etl_dag.run_aggregate_queries scheduled__2023-09-14T00:00:00+00:00 [queued]>
[2023-09-15T08:18:34.403+0000] {taskinstance.py:1157} INFO - Dependencies all met for dep_context=requeueable deps ti=<TaskInstance: etl_dag.run_aggregate_queries scheduled__2023-09-14T00:00:00+00:00 [queued]>
[2023-09-15T08:18:34.403+0000] {taskinstance.py:1359} INFO - Starting attempt 1 of 2
[2023-09-15T08:18:34.408+0000] {taskinstance.py:1380} INFO - Executing <Task(PythonOperator): run_aggregate_queries> on 2023-09-14 00:00:00+00:00
[2023-09-15T08:18:34.410+0000] {standard_task_runner.py:57} INFO - Started process 60 to run task
[2023-09-15T08:18:34.412+0000] {standard_task_runner.py:84} INFO - Running: ['***', 'tasks', 'run', 'etl_dag', 'run_aggregate_queries', 'scheduled__2023-09-14T00:00:00+00:00', '--job-id', '4', '--raw', '--subdir', 'DAGS_FOLDER/etl_dag.py', '--cfg-path', '/tmp/tmpm11iedj_']
[2023-09-15T08:18:34.414+0000] {standard_task_runner.py:85} INFO - Job 4: Subtask run_aggregate_queries
[2023-09-15T08:18:34.438+0000] {task_command.py:415} INFO - Running <TaskInstance: etl_dag.run_aggregate_queries scheduled__2023-09-14T00:00:00+00:00 [running]> on host f6f077378f09
[2023-09-15T08:18:34.471+0000] {taskinstance.py:1660} INFO - Exporting env vars: AIRFLOW_CTX_DAG_OWNER='admin' AIRFLOW_CTX_DAG_ID='etl_dag' AIRFLOW_CTX_TASK_ID='run_aggregate_queries' AIRFLOW_CTX_EXECUTION_DATE='2023-09-14T00:00:00+00:00' AIRFLOW_CTX_TRY_NUMBER='1' AIRFLOW_CTX_DAG_RUN_ID='scheduled__2023-09-14T00:00:00+00:00'
[2023-09-15T08:18:34.475+0000] {logging_mixin.py:151} INFO - The minimum crime rate in all of UK's borough:45.010384
[2023-09-15T08:18:34.475+0000] {logging_mixin.py:151} INFO - The maximum crime rate in all of UK's borough:463.00064
[2023-09-15T08:18:34.476+0000] {logging_mixin.py:151} INFO - The average crime rate in all of UK's borough:114.66545969684857
[2023-09-15T08:18:34.476+0000] {logging_mixin.py:151} INFO - The median crime rate in UK's borough:103.135498046875
[2023-09-15T08:18:34.476+0000] {logging_mixin.py:151} INFO - successful aggregate operations
[2023-09-15T08:18:34.477+0000] {python.py:194} INFO - Done. Returned value was: None
[2023-09-15T08:18:34.560+0000] {taskinstance.py:1398} INFO - Marking task as SUCCESS. dag_id=etl_dag, task_id=run_aggregate_queries, execution_date=20230914T000000, start_date=20230915T081834, end_date=20230915T081834
[2023-09-15T08:18:34.586+0000] {local_task_job_runner.py:228} INFO - Task exited with return code 0
[2023-09-15T08:18:34.595+0000] {taskinstance.py:2776} INFO - 0 downstream tasks scheduled from follow-on schedule check
[2023-09-15T09:17:48.157+0000] {taskinstance.py:1157} INFO - Dependencies all met for dep_context=non-requeueable deps ti=<TaskInstance: etl_dag.run_aggregate_queries scheduled__2023-09-14T00:00:00+00:00 [queued]>
[2023-09-15T09:17:48.160+0000] {taskinstance.py:1157} INFO - Dependencies all met for dep_context=requeueable deps ti=<TaskInstance: etl_dag.run_aggregate_queries scheduled__2023-09-14T00:00:00+00:00 [queued]>
[2023-09-15T09:17:48.160+0000] {taskinstance.py:1359} INFO - Starting attempt 1 of 2
[2023-09-15T09:17:48.165+0000] {taskinstance.py:1380} INFO - Executing <Task(PythonOperator): run_aggregate_queries> on 2023-09-14 00:00:00+00:00
[2023-09-15T09:17:48.167+0000] {standard_task_runner.py:57} INFO - Started process 61 to run task
[2023-09-15T09:17:48.170+0000] {standard_task_runner.py:84} INFO - Running: ['***', 'tasks', 'run', 'etl_dag', 'run_aggregate_queries', 'scheduled__2023-09-14T00:00:00+00:00', '--job-id', '4', '--raw', '--subdir', 'DAGS_FOLDER/etl_dag.py', '--cfg-path', '/tmp/tmpgev70df9']
[2023-09-15T09:17:48.171+0000] {standard_task_runner.py:85} INFO - Job 4: Subtask run_aggregate_queries
[2023-09-15T09:17:48.196+0000] {task_command.py:415} INFO - Running <TaskInstance: etl_dag.run_aggregate_queries scheduled__2023-09-14T00:00:00+00:00 [running]> on host 6129e5175467
[2023-09-15T09:17:48.229+0000] {taskinstance.py:1660} INFO - Exporting env vars: AIRFLOW_CTX_DAG_OWNER='admin' AIRFLOW_CTX_DAG_ID='etl_dag' AIRFLOW_CTX_TASK_ID='run_aggregate_queries' AIRFLOW_CTX_EXECUTION_DATE='2023-09-14T00:00:00+00:00' AIRFLOW_CTX_TRY_NUMBER='1' AIRFLOW_CTX_DAG_RUN_ID='scheduled__2023-09-14T00:00:00+00:00'
[2023-09-15T09:17:48.234+0000] {logging_mixin.py:151} INFO - The minimum crime rate in all of UK's borough:45.010384
[2023-09-15T09:17:48.234+0000] {logging_mixin.py:151} INFO - The maximum crime rate in all of UK's borough:463.00064
[2023-09-15T09:17:48.235+0000] {logging_mixin.py:151} INFO - The average crime rate in all of UK's borough:114.66545969684857
[2023-09-15T09:17:48.235+0000] {logging_mixin.py:151} INFO - The median crime rate in UK's borough:103.135498046875
[2023-09-15T09:17:48.235+0000] {logging_mixin.py:151} INFO - successful aggregate operations
[2023-09-15T09:17:48.235+0000] {python.py:194} INFO - Done. Returned value was: None
[2023-09-15T09:17:48.324+0000] {taskinstance.py:1398} INFO - Marking task as SUCCESS. dag_id=etl_dag, task_id=run_aggregate_queries, execution_date=20230914T000000, start_date=20230915T091748, end_date=20230915T091748
[2023-09-15T09:17:48.344+0000] {local_task_job_runner.py:228} INFO - Task exited with return code 0
[2023-09-15T09:17:48.353+0000] {taskinstance.py:2776} INFO - 0 downstream tasks scheduled from follow-on schedule check
[2023-09-15T09:21:07.895+0000] {taskinstance.py:1157} INFO - Dependencies all met for dep_context=non-requeueable deps ti=<TaskInstance: etl_dag.run_aggregate_queries scheduled__2023-09-14T00:00:00+00:00 [queued]>
[2023-09-15T09:21:07.898+0000] {taskinstance.py:1157} INFO - Dependencies all met for dep_context=requeueable deps ti=<TaskInstance: etl_dag.run_aggregate_queries scheduled__2023-09-14T00:00:00+00:00 [queued]>
[2023-09-15T09:21:07.898+0000] {taskinstance.py:1359} INFO - Starting attempt 1 of 2
[2023-09-15T09:21:07.903+0000] {taskinstance.py:1380} INFO - Executing <Task(PythonOperator): run_aggregate_queries> on 2023-09-14 00:00:00+00:00
[2023-09-15T09:21:07.905+0000] {standard_task_runner.py:57} INFO - Started process 75 to run task
[2023-09-15T09:21:07.907+0000] {standard_task_runner.py:84} INFO - Running: ['***', 'tasks', 'run', 'etl_dag', 'run_aggregate_queries', 'scheduled__2023-09-14T00:00:00+00:00', '--job-id', '4', '--raw', '--subdir', 'DAGS_FOLDER/etl_dag.py', '--cfg-path', '/tmp/tmppu7gc809']
[2023-09-15T09:21:07.909+0000] {standard_task_runner.py:85} INFO - Job 4: Subtask run_aggregate_queries
[2023-09-15T09:21:07.934+0000] {task_command.py:415} INFO - Running <TaskInstance: etl_dag.run_aggregate_queries scheduled__2023-09-14T00:00:00+00:00 [running]> on host 5010bd0932b7
[2023-09-15T09:21:07.968+0000] {taskinstance.py:1660} INFO - Exporting env vars: AIRFLOW_CTX_DAG_OWNER='admin' AIRFLOW_CTX_DAG_ID='etl_dag' AIRFLOW_CTX_TASK_ID='run_aggregate_queries' AIRFLOW_CTX_EXECUTION_DATE='2023-09-14T00:00:00+00:00' AIRFLOW_CTX_TRY_NUMBER='1' AIRFLOW_CTX_DAG_RUN_ID='scheduled__2023-09-14T00:00:00+00:00'
[2023-09-15T09:21:07.972+0000] {logging_mixin.py:151} INFO - The minimum crime rate in all of UK's borough:45.010384
[2023-09-15T09:21:07.972+0000] {logging_mixin.py:151} INFO - The maximum crime rate in all of UK's borough:463.00064
[2023-09-15T09:21:07.973+0000] {logging_mixin.py:151} INFO - The average crime rate in all of UK's borough:114.66545969684857
[2023-09-15T09:21:07.973+0000] {logging_mixin.py:151} INFO - The median crime rate in UK's borough:103.135498046875
[2023-09-15T09:21:07.973+0000] {logging_mixin.py:151} INFO - successful aggregate operations
[2023-09-15T09:21:07.974+0000] {python.py:194} INFO - Done. Returned value was: None
[2023-09-15T09:21:08.067+0000] {taskinstance.py:1398} INFO - Marking task as SUCCESS. dag_id=etl_dag, task_id=run_aggregate_queries, execution_date=20230914T000000, start_date=20230915T092107, end_date=20230915T092108
[2023-09-15T09:21:08.081+0000] {local_task_job_runner.py:228} INFO - Task exited with return code 0
[2023-09-15T09:21:08.090+0000] {taskinstance.py:2776} INFO - 0 downstream tasks scheduled from follow-on schedule check
